#
# A fatal error has been detected by the Java Runtime Environment:
#
#  SIGSEGV (0xb) at pc=0x00007f617f314fc9, pid=3379, tid=0x00007f61843cd700
#
# JRE version: OpenJDK Runtime Environment (8.0_151-b12) (build 1.8.0_151-8u151-b12-0ubuntu0.17.10.2-b12)
# Java VM: OpenJDK 64-Bit Server VM (25.151-b12 mixed mode linux-amd64 compressed oops)
# Problematic frame:
# C  [libawt_xawt.so+0x40fc9]
#
# Failed to write core dump. Core dumps have been disabled. To enable core dumping, try "ulimit -c unlimited" before starting Java again
#
# If you would like to submit a bug report, please visit:
#   http://bugreport.java.com/bugreport/crash.jsp
# The crash happened outside the Java Virtual Machine in native code.
# See problematic frame for where to report the bug.
#

---------------  T H R E A D  ---------------

Current thread (0x00007f61380e1800):  JavaThread "Session f34c04e7-4f17-46b3-9a14-0b598cbf0bf7 processing inside browser" [_thread_in_native, id=3401, stack(0x00007f61842cd000,0x00007f61843ce000)]

siginfo: si_signo: 11 (SIGSEGV), si_code: 1 (SEGV_MAPERR), si_addr: 0x0000000000000068

Registers:
RAX=0x00000000000005fd, RBX=0x0000000000000000, RCX=0x00000000000005fd, RDX=0x0000000000000000
RSP=0x00007f61843cb8d0, RBP=0x00007f61843cb9c0, RSI=0x0000000000000000, RDI=0x0000000000000000
R8 =0x00007f61843cb97c, R9 =0x0000000000000002, R10=0xffffffffffffffb0, R11=0x00007f61301a3500
R12=0x0000000000000000, R13=0x0000000000000043, R14=0x00007f61301a1440, R15=0x00007f61301a11a0
RIP=0x00007f617f314fc9, EFLAGS=0x0000000000010246, CSGSFS=0x002b000000000033, ERR=0x0000000000000004
  TRAPNO=0x000000000000000e

Top of Stack: (sp=0x00007f61843cb8d0)
0x00007f61843cb8d0:   00007f61301a0c60 0384064000000000
0x00007f61843cb8e0:   00007f61301a1110 000006407f31473f
0x00007f61843cb8f0:   0000000200000000 00007f61843cb97c
0x00007f61843cb900:   00007f61843cb978 00007f61843cb974
0x00007f61843cb910:   00007f61843cb980 0000000000000384
0x00007f61843cb920:   00007f61000005fc 00007f6130108a20
0x00007f61843cb930:   0000000000000369 00007f61301a0cb0
0x00007f61843cb940:   0000000000000000 0000001b00000000
0x00007f61843cb950:   0000000000000000 00000000000005fd
0x00007f61843cb960:   000000000000001b 00000000000005fd
0x00007f61843cb970:   0000001000000000 0000000000000008
0x00007f61843cb980:   00007f61301a14d0 188d7089f91c2900
0x00007f61843cb990:   0000000000000270 0000000000000640
0x00007f61843cb9a0:   0000000000000000 0000064000000000
0x00007f61843cb9b0:   00007f61843cba60 0384064000000000
0x00007f61843cb9c0:   00007f61843cbad0 00007f617f31563f
0x00007f61843cb9d0:   00007f61301a1110 00007f617f3155f9
0x00007f61843cb9e0:   0000000000000000 00007f61301a04e0
0x00007f61843cb9f0:   00007f613019c8d0 188d7089f91c2900
0x00007f61843cba00:   00007f61843cbb78 0000000000000000
0x00007f61843cba10:   00007f6130108a20 00007f61843cbb90
0x00007f61843cba20:   0000000000000000 00007f61301a1110
0x00007f61843cba30:   00007f6100000384 00007f617f31548a
0x00007f61843cba40:   00007f61843cbb7c 1278b84810245489
0x00007f61843cba50:   78b848102454894c 00007f61843c0000
0x00007f61843cba60:   0000000000000000 00007f61843cbb6c
0x00007f61843cba70:   00007f6100000005 0000000000ff0000
0x00007f61843cba80:   000000000000ff00 00000000000000ff
0x00007f61843cba90:   0000010000000008 188d7089f91c2900
0x00007f61843cbaa0:   0000000000000400 00007f61380e19e0
0x00007f61843cbab0:   0000000000000000 00007f6130108a20
0x00007f61843cbac0:   0000000000000000 0000000000000270 

Instructions: (pc=0x00007f617f314fc9)
0x00007f617f314fa9:   45 8c 03 45 90 89 45 a0 49 8d 44 24 01 45 31 e4
0x00007f617f314fb9:   48 89 45 98 0f 1f 00 44 89 e6 8b 55 ac 48 89 df
0x00007f617f314fc9:   ff 53 68 4d 8b 57 08 8b 4d b4 48 98 48 8b 75 c0
0x00007f617f314fd9:   49 8b 52 18 49 8b 7a 20 48 21 c2 48 21 c7 49 23 

Register to memory mapping:

RAX=0x00000000000005fd is an unknown value
RBX=0x0000000000000000 is an unknown value
RCX=0x00000000000005fd is an unknown value
RDX=0x0000000000000000 is an unknown value
RSP=0x00007f61843cb8d0 is pointing into the stack for thread: 0x00007f61380e1800
RBP=0x00007f61843cb9c0 is pointing into the stack for thread: 0x00007f61380e1800
RSI=0x0000000000000000 is an unknown value
RDI=0x0000000000000000 is an unknown value
R8 =0x00007f61843cb97c is pointing into the stack for thread: 0x00007f61380e1800
R9 =0x0000000000000002 is an unknown value
R10=0xffffffffffffffb0 is an unknown value
R11=0x00007f61301a3500 is an unknown value
R12=0x0000000000000000 is an unknown value
R13=0x0000000000000043 is an unknown value
R14=0x00007f61301a1440 is an unknown value
R15=0x00007f61301a11a0 is an unknown value


Stack: [0x00007f61842cd000,0x00007f61843ce000],  sp=0x00007f61843cb8d0,  free space=1018k
Native frames: (J=compiled Java code, j=interpreted, Vv=VM code, C=native code)
C  [libawt_xawt.so+0x40fc9]
C  [libawt_xawt.so+0x4163f]
C  [libawt_xawt.so+0x38e09]  Java_sun_awt_X11_XRobotPeer_getRGBPixelsImpl+0x149
j  sun.awt.X11.XRobotPeer.getRGBPixelsImpl(Lsun/awt/X11GraphicsConfig;IIII[I)V+0
j  sun.awt.X11.XRobotPeer.getRGBPixels(Ljava/awt/Rectangle;)[I+33
j  java.awt.Robot.createScreenCapture(Ljava/awt/Rectangle;)Ljava/awt/image/BufferedImage;+50
j  org.openqa.selenium.remote.server.SnapshotScreenListener.onException(Ljava/lang/Throwable;Lorg/openqa/selenium/WebDriver;)V+39
v  ~StubRoutines::call_stub
V  [libjvm.so+0x67b49b]
V  [libjvm.so+0x96a745]
V  [libjvm.so+0x96c125]
V  [libjvm.so+0x6cb5f1]  JVM_InvokeMethod+0x111
j  sun.reflect.NativeMethodAccessorImpl.invoke0(Ljava/lang/reflect/Method;Ljava/lang/Object;[Ljava/lang/Object;)Ljava/lang/Object;+0
j  sun.reflect.NativeMethodAccessorImpl.invoke(Ljava/lang/Object;[Ljava/lang/Object;)Ljava/lang/Object;+100
J 1472 C1 sun.reflect.DelegatingMethodAccessorImpl.invoke(Ljava/lang/Object;[Ljava/lang/Object;)Ljava/lang/Object; (10 bytes) @ 0x00007f6191139a84 [0x00007f6191139980+0x104]
j  java.lang.reflect.Method.invoke(Ljava/lang/Object;[Ljava/lang/Object;)Ljava/lang/Object;+56
j  org.openqa.selenium.support.events.EventFiringWebDriver$1.invoke(Ljava/lang/Object;Ljava/lang/reflect/Method;[Ljava/lang/Object;)Ljava/lang/Object;+33
j  com.sun.proxy.$Proxy0.onException(Ljava/lang/Throwable;Lorg/openqa/selenium/WebDriver;)V+20
j  org.openqa.selenium.support.events.EventFiringWebDriver$2.invoke(Ljava/lang/Object;Ljava/lang/reflect/Method;[Ljava/lang/Object;)Ljava/lang/Object;+45
j  com.sun.proxy.$Proxy1.findElements(Lorg/openqa/selenium/By;)Ljava/util/List;+16
j  org.openqa.selenium.support.events.EventFiringWebDriver.findElements(Lorg/openqa/selenium/By;)Ljava/util/List;+20
j  org.openqa.selenium.remote.server.handler.FindElements.call()Ljava/util/Set;+8
j  org.openqa.selenium.remote.server.handler.FindElements.call()Ljava/lang/Object;+1
j  java.util.concurrent.FutureTask.run()V+42
j  org.openqa.selenium.remote.server.DefaultSession$1.run()V+51
j  java.util.concurrent.ThreadPoolExecutor.runWorker(Ljava/util/concurrent/ThreadPoolExecutor$Worker;)V+95
j  java.util.concurrent.ThreadPoolExecutor$Worker.run()V+5
j  java.lang.Thread.run()V+11
v  ~StubRoutines::call_stub
V  [libjvm.so+0x67b49b]
V  [libjvm.so+0x678b5b]
V  [libjvm.so+0x679147]
V  [libjvm.so+0x6bef1b]
V  [libjvm.so+0xa439c3]
V  [libjvm.so+0xa43df2]
V  [libjvm.so+0x8dfcb2]
C  [libpthread.so.0+0x77fc]  start_thread+0xdc

Java frames: (J=compiled Java code, j=interpreted, Vv=VM code)
j  sun.awt.X11.XRobotPeer.getRGBPixelsImpl(Lsun/awt/X11GraphicsConfig;IIII[I)V+0
j  sun.awt.X11.XRobotPeer.getRGBPixels(Ljava/awt/Rectangle;)[I+33
j  java.awt.Robot.createScreenCapture(Ljava/awt/Rectangle;)Ljava/awt/image/BufferedImage;+50
j  org.openqa.selenium.remote.server.SnapshotScreenListener.onException(Ljava/lang/Throwable;Lorg/openqa/selenium/WebDriver;)V+39
v  ~StubRoutines::call_stub
j  sun.reflect.NativeMethodAccessorImpl.invoke0(Ljava/lang/reflect/Method;Ljava/lang/Object;[Ljava/lang/Object;)Ljava/lang/Object;+0
j  sun.reflect.NativeMethodAccessorImpl.invoke(Ljava/lang/Object;[Ljava/lang/Object;)Ljava/lang/Object;+100
J 1472 C1 sun.reflect.DelegatingMethodAccessorImpl.invoke(Ljava/lang/Object;[Ljava/lang/Object;)Ljava/lang/Object; (10 bytes) @ 0x00007f6191139a84 [0x00007f6191139980+0x104]
j  java.lang.reflect.Method.invoke(Ljava/lang/Object;[Ljava/lang/Object;)Ljava/lang/Object;+56
j  org.openqa.selenium.support.events.EventFiringWebDriver$1.invoke(Ljava/lang/Object;Ljava/lang/reflect/Method;[Ljava/lang/Object;)Ljava/lang/Object;+33
j  com.sun.proxy.$Proxy0.onException(Ljava/lang/Throwable;Lorg/openqa/selenium/WebDriver;)V+20
j  org.openqa.selenium.support.events.EventFiringWebDriver$2.invoke(Ljava/lang/Object;Ljava/lang/reflect/Method;[Ljava/lang/Object;)Ljava/lang/Object;+45
j  com.sun.proxy.$Proxy1.findElements(Lorg/openqa/selenium/By;)Ljava/util/List;+16
j  org.openqa.selenium.support.events.EventFiringWebDriver.findElements(Lorg/openqa/selenium/By;)Ljava/util/List;+20
j  org.openqa.selenium.remote.server.handler.FindElements.call()Ljava/util/Set;+8
j  org.openqa.selenium.remote.server.handler.FindElements.call()Ljava/lang/Object;+1
j  java.util.concurrent.FutureTask.run()V+42
j  org.openqa.selenium.remote.server.DefaultSession$1.run()V+51
j  java.util.concurrent.ThreadPoolExecutor.runWorker(Ljava/util/concurrent/ThreadPoolExecutor$Worker;)V+95
j  java.util.concurrent.ThreadPoolExecutor$Worker.run()V+5
j  java.lang.Thread.run()V+11
v  ~StubRoutines::call_stub

---------------  P R O C E S S  ---------------

Java Threads: ( => current thread )
  0x00007f6130170000 JavaThread "process reaper" daemon [_thread_blocked, id=3631, stack(0x00007f618402e000,0x00007f6184067000)]
  0x00007f6130166800 JavaThread "AWT-XAWT" daemon [_thread_blocked, id=3629, stack(0x00007f617cfd8000,0x00007f617d0d9000)]
  0x00007f6130147800 JavaThread "Java2D Disposer" daemon [_thread_blocked, id=3628, stack(0x00007f617d6e9000,0x00007f617d7ea000)]
  0x00007f6134011800 JavaThread "Exec Stream Pumper" daemon [_thread_in_native, id=3408, stack(0x00007f617f9fc000,0x00007f617fafd000)]
  0x00007f6134011000 JavaThread "Exec Stream Pumper" daemon [_thread_in_native, id=3407, stack(0x00007f617fafd000,0x00007f617fbfe000)]
  0x00007f613400d800 JavaThread "process reaper" daemon [_thread_in_native, id=3405, stack(0x00007f618c000000,0x00007f618c039000)]
  0x00007f61300ad800 JavaThread "UrlChecker-2" daemon [_thread_blocked, id=3403, stack(0x00007f617fbfe000,0x00007f617fcff000)]
  0x00007f61300ab800 JavaThread "Exec Default Executor" daemon [_thread_blocked, id=3402, stack(0x00007f617fcff000,0x00007f617fe00000)]
=>0x00007f61380e1800 JavaThread "Session f34c04e7-4f17-46b3-9a14-0b598cbf0bf7 processing inside browser" [_thread_in_native, id=3401, stack(0x00007f61842cd000,0x00007f61843ce000)]
  0x00007f61380af800 JavaThread "DriverServlet Session Cleaner" [_thread_blocked, id=3400, stack(0x00007f61845ce000,0x00007f61846cf000)]
  0x00007f61a000a800 JavaThread "DestroyJavaVM" [_thread_blocked, id=3381, stack(0x00007f61a78c5000,0x00007f61a79c6000)]
  0x00007f61a03c2000 JavaThread "SocketListener0-1" [_thread_blocked, id=3399, stack(0x00007f61846cf000,0x00007f61847d0000)]
  0x00007f61a03c0800 JavaThread "SocketListener0-0" [_thread_blocked, id=3398, stack(0x00007f61847d0000,0x00007f61848d1000)]
  0x00007f61a03be800 JavaThread "Acceptor ServerSocket[addr=0.0.0.0/0.0.0.0,localport=40383]" [_thread_in_native, id=3397, stack(0x00007f61848d1000,0x00007f61849d2000)]
  0x00007f61a03bb000 JavaThread "SessionScavenger" daemon [_thread_blocked, id=3396, stack(0x00007f61849d2000,0x00007f6184ad3000)]
  0x00007f61a0390000 JavaThread "Timer-0" daemon [_thread_blocked, id=3395, stack(0x00007f6184ce6000,0x00007f6184de7000)]
  0x00007f61a01a1000 JavaThread "Service Thread" daemon [_thread_blocked, id=3393, stack(0x00007f618c284000,0x00007f618c385000)]
  0x00007f61a0179800 JavaThread "C1 CompilerThread2" daemon [_thread_blocked, id=3392, stack(0x00007f618c385000,0x00007f618c486000)]
  0x00007f61a0177800 JavaThread "C2 CompilerThread1" daemon [_thread_blocked, id=3391, stack(0x00007f618c486000,0x00007f618c587000)]
  0x00007f61a0175000 JavaThread "C2 CompilerThread0" daemon [_thread_blocked, id=3390, stack(0x00007f618c587000,0x00007f618c688000)]
  0x00007f61a0173000 JavaThread "Signal Dispatcher" daemon [_thread_blocked, id=3389, stack(0x00007f618c688000,0x00007f618c789000)]
  0x00007f61a014b800 JavaThread "Finalizer" daemon [_thread_blocked, id=3388, stack(0x00007f618ca67000,0x00007f618cb68000)]
  0x00007f61a0147000 JavaThread "Reference Handler" daemon [_thread_blocked, id=3387, stack(0x00007f618cb68000,0x00007f618cc69000)]

Other Threads:
  0x00007f61a013f000 VMThread [stack: 0x00007f618cc69000,0x00007f618cd6a000] [id=3386]
  0x00007f61a01a3800 WatcherThread [stack: 0x00007f618c183000,0x00007f618c284000] [id=3394]

VM state:not at safepoint (normal execution)

VM Mutex/Monitor currently owned by a thread: None

Heap:
 PSYoungGen      total 18432K, used 17443K [0x00000000eb800000, 0x00000000ecc80000, 0x0000000100000000)
  eden space 15872K, 93% used [0x00000000eb800000,0x00000000ec690be0,0x00000000ec780000)
  from space 2560K, 98% used [0x00000000ec780000,0x00000000ec9f8040,0x00000000eca00000)
  to   space 2560K, 0% used [0x00000000eca00000,0x00000000eca00000,0x00000000ecc80000)
 ParOldGen       total 42496K, used 6234K [0x00000000c2800000, 0x00000000c5180000, 0x00000000eb800000)
  object space 42496K, 14% used [0x00000000c2800000,0x00000000c2e168c0,0x00000000c5180000)
 Metaspace       used 16467K, capacity 16788K, committed 17024K, reserved 1064960K
  class space    used 1964K, capacity 2058K, committed 2176K, reserved 1048576K

Card table byte_map: [0x00007f61a40a0000,0x00007f61a428d000] byte_map_base: 0x00007f61a3a8c000

Marking Bits: (ParMarkBitMap*) 0x00007f61a6b6d0e0
 Begin Bits: [0x00007f618e834000, 0x00007f618f794000)
 End Bits:   [0x00007f618f794000, 0x00007f61906f4000)

Polling page: 0x00007f61a79dd000

CodeCache: size=245760Kb used=4587Kb max_used=4698Kb free=241172Kb
 bounds [0x00007f6191000000, 0x00007f61914b0000, 0x00007f61a0000000]
 total_blobs=1858 nmethods=1386 adapters=386
 compilation: enabled

Compilation events (10 events):
Event: 26.683 Thread 0x00007f61a0179800 1519       3       java.util.concurrent.locks.ReentrantLock::lock (8 bytes)
Event: 26.683 Thread 0x00007f61a0179800 nmethod 1519 0x00007f6191270450 code [0x00007f61912705c0, 0x00007f61912707e8]
Event: 26.683 Thread 0x00007f61a0179800 1520       3       java.util.concurrent.locks.ReentrantLock$NonfairSync::lock (25 bytes)
Event: 26.684 Thread 0x00007f61a0179800 nmethod 1520 0x00007f6191243bd0 code [0x00007f6191243da0, 0x00007f61912445f8]
Event: 26.689 Thread 0x00007f61a0177800 1521 %     4       sun.nio.cs.UTF_8$Decoder::decodeArrayLoop @ 106 (691 bytes)
Event: 26.703 Thread 0x00007f61a0177800 nmethod 1521% 0x00007f6191317250 code [0x00007f6191317400, 0x00007f6191318058]
Event: 26.713 Thread 0x00007f61a0175000 1522       4       java.lang.CharacterDataLatin1::toUpperCase (53 bytes)
Event: 26.714 Thread 0x00007f61a0175000 nmethod 1522 0x00007f619134ca10 code [0x00007f619134cb60, 0x00007f619134cc38]
Event: 26.751 Thread 0x00007f61a0179800 1523       3       java.util.concurrent.locks.AbstractQueuedSynchronizer::setState (6 bytes)
Event: 26.751 Thread 0x00007f61a0179800 nmethod 1523 0x00007f6191316f50 code [0x00007f61913170a0, 0x00007f61913171f0]

GC Heap History (6 events):
Event: 1.547 GC heap before
{Heap before GC invocations=1 (full 0):
 PSYoungGen      total 18432K, used 15872K [0x00000000eb800000, 0x00000000ecc80000, 0x0000000100000000)
  eden space 15872K, 100% used [0x00000000eb800000,0x00000000ec780000,0x00000000ec780000)
  from space 2560K, 0% used [0x00000000eca00000,0x00000000eca00000,0x00000000ecc80000)
  to   space 2560K, 0% used [0x00000000ec780000,0x00000000ec780000,0x00000000eca00000)
 ParOldGen       total 42496K, used 0K [0x00000000c2800000, 0x00000000c5180000, 0x00000000eb800000)
  object space 42496K, 0% used [0x00000000c2800000,0x00000000c2800000,0x00000000c5180000)
 Metaspace       used 8051K, capacity 8086K, committed 8192K, reserved 1056768K
  class space    used 924K, capacity 945K, committed 1024K, reserved 1048576K
Event: 1.551 GC heap after
Heap after GC invocations=1 (full 0):
 PSYoungGen      total 18432K, used 2539K [0x00000000eb800000, 0x00000000ecc80000, 0x0000000100000000)
  eden space 15872K, 0% used [0x00000000eb800000,0x00000000eb800000,0x00000000ec780000)
  from space 2560K, 99% used [0x00000000ec780000,0x00000000ec9fad40,0x00000000eca00000)
  to   space 2560K, 0% used [0x00000000eca00000,0x00000000eca00000,0x00000000ecc80000)
 ParOldGen       total 42496K, used 1349K [0x00000000c2800000, 0x00000000c5180000, 0x00000000eb800000)
  object space 42496K, 3% used [0x00000000c2800000,0x00000000c2951678,0x00000000c5180000)
 Metaspace       used 8051K, capacity 8086K, committed 8192K, reserved 1056768K
  class space    used 924K, capacity 945K, committed 1024K, reserved 1048576K
}
Event: 2.138 GC heap before
{Heap before GC invocations=2 (full 0):
 PSYoungGen      total 18432K, used 18411K [0x00000000eb800000, 0x00000000ecc80000, 0x0000000100000000)
  eden space 15872K, 100% used [0x00000000eb800000,0x00000000ec780000,0x00000000ec780000)
  from space 2560K, 99% used [0x00000000ec780000,0x00000000ec9fad40,0x00000000eca00000)
  to   space 2560K, 0% used [0x00000000eca00000,0x00000000eca00000,0x00000000ecc80000)
 ParOldGen       total 42496K, used 1349K [0x00000000c2800000, 0x00000000c5180000, 0x00000000eb800000)
  object space 42496K, 3% used [0x00000000c2800000,0x00000000c2951678,0x00000000c5180000)
 Metaspace       used 11200K, capacity 11354K, committed 11520K, reserved 1058816K
  class space    used 1336K, capacity 1409K, committed 1536K, reserved 1048576K
Event: 2.143 GC heap after
Heap after GC invocations=2 (full 0):
 PSYoungGen      total 18432K, used 2544K [0x00000000eb800000, 0x00000000ecc80000, 0x0000000100000000)
  eden space 15872K, 0% used [0x00000000eb800000,0x00000000eb800000,0x00000000ec780000)
  from space 2560K, 99% used [0x00000000eca00000,0x00000000ecc7c020,0x00000000ecc80000)
  to   space 2560K, 0% used [0x00000000ec780000,0x00000000ec780000,0x00000000eca00000)
 ParOldGen       total 42496K, used 3477K [0x00000000c2800000, 0x00000000c5180000, 0x00000000eb800000)
  object space 42496K, 8% used [0x00000000c2800000,0x00000000c2b65728,0x00000000c5180000)
 Metaspace       used 11200K, capacity 11354K, committed 11520K, reserved 1058816K
  class space    used 1336K, capacity 1409K, committed 1536K, reserved 1048576K
}
Event: 12.223 GC heap before
{Heap before GC invocations=3 (full 0):
 PSYoungGen      total 18432K, used 18416K [0x00000000eb800000, 0x00000000ecc80000, 0x0000000100000000)
  eden space 15872K, 100% used [0x00000000eb800000,0x00000000ec780000,0x00000000ec780000)
  from space 2560K, 99% used [0x00000000eca00000,0x00000000ecc7c020,0x00000000ecc80000)
  to   space 2560K, 0% used [0x00000000ec780000,0x00000000ec780000,0x00000000eca00000)
 ParOldGen       total 42496K, used 3477K [0x00000000c2800000, 0x00000000c5180000, 0x00000000eb800000)
  object space 42496K, 8% used [0x00000000c2800000,0x00000000c2b65728,0x00000000c5180000)
 Metaspace       used 14279K, capacity 14574K, committed 14720K, reserved 1062912K
  class space    used 1753K, capacity 1885K, committed 1920K, reserved 1048576K
Event: 12.231 GC heap after
Heap after GC invocations=3 (full 0):
 PSYoungGen      total 18432K, used 2528K [0x00000000eb800000, 0x00000000ecc80000, 0x0000000100000000)
  eden space 15872K, 0% used [0x00000000eb800000,0x00000000eb800000,0x00000000ec780000)
  from space 2560K, 98% used [0x00000000ec780000,0x00000000ec9f8040,0x00000000eca00000)
  to   space 2560K, 0% used [0x00000000eca00000,0x00000000eca00000,0x00000000ecc80000)
 ParOldGen       total 42496K, used 6234K [0x00000000c2800000, 0x00000000c5180000, 0x00000000eb800000)
  object space 42496K, 14% used [0x00000000c2800000,0x00000000c2e168c0,0x00000000c5180000)
 Metaspace       used 14279K, capacity 14574K, committed 14720K, reserved 1062912K
  class space    used 1753K, capacity 1885K, committed 1920K, reserved 1048576K
}

Deoptimization events (10 events):
Event: 10.464 Thread 0x00007f61380e1800 Uncommon trap: reason=class_check action=maybe_recompile pc=0x00007f6191287960 method=java.util.HashMap.putVal(ILjava/lang/Object;Ljava/lang/Object;ZZ)Ljava/lang/Object; @ 203
Event: 10.511 Thread 0x00007f61380e1800 Uncommon trap: reason=unstable_if action=reinterpret pc=0x00007f61912e6fd8 method=java.util.HashMap.getNode(ILjava/lang/Object;)Ljava/util/HashMap$Node; @ 62
Event: 10.511 Thread 0x00007f61380e1800 Uncommon trap: reason=unstable_if action=reinterpret pc=0x00007f6191254820 method=java.util.HashMap.getNode(ILjava/lang/Object;)Ljava/util/HashMap$Node; @ 62
Event: 10.512 Thread 0x00007f61380e1800 Uncommon trap: reason=class_check action=maybe_recompile pc=0x00007f6191287960 method=java.util.HashMap.putVal(ILjava/lang/Object;Ljava/lang/Object;ZZ)Ljava/lang/Object; @ 203
Event: 10.520 Thread 0x00007f61380e1800 Uncommon trap: reason=class_check action=maybe_recompile pc=0x00007f6191287960 method=java.util.HashMap.putVal(ILjava/lang/Object;Ljava/lang/Object;ZZ)Ljava/lang/Object; @ 203
Event: 10.544 Thread 0x00007f61a03c2000 Uncommon trap: reason=unstable_if action=reinterpret pc=0x00007f61912ce9e0 method=java.io.ByteArrayInputStream.read([BII)I @ 63
Event: 25.976 Thread 0x00007f61380e1800 Uncommon trap: reason=unstable_if action=reinterpret pc=0x00007f619121eee0 method=sun.nio.cs.UTF_8$Decoder.decode([BII[C)I @ 30
Event: 25.976 Thread 0x00007f61380e1800 Uncommon trap: reason=bimorphic action=maybe_recompile pc=0x00007f6191329fa8 method=java.util.Properties$LineReader.readLine()I @ 62
Event: 25.987 Thread 0x00007f61380e1800 Uncommon trap: reason=bimorphic action=maybe_recompile pc=0x00007f6191329fa8 method=java.util.Properties$LineReader.readLine()I @ 62
Event: 26.122 Thread 0x00007f61380e1800 Uncommon trap: reason=unstable_if action=reinterpret pc=0x00007f619131bd08 method=java.io.BufferedReader.readLine(Z)Ljava/lang/String; @ 55

Internal exceptions (10 events):
Event: 1.039 Thread 0x00007f61a000a800 Exception <a 'java/lang/NoClassDefFoundError': org/apache/log4j/Priority> (0x00000000ebc11e80) thrown at [/build/openjdk-8-bnv6fG/openjdk-8-8u151-b12/src/hotspot/src/share/vm/classfile/systemDictionary.cpp, line 199]
Event: 2.520 Thread 0x00007f61300ad800 Exception <a 'java/lang/NoSuchFieldError': method resolution failed> (0x00000000ec1be3b0) thrown at [/build/openjdk-8-bnv6fG/openjdk-8-8u151-b12/src/hotspot/src/share/vm/prims/methodHandles.cpp, line 1146]
Event: 2.521 Thread 0x00007f61300ad800 Exception <a 'java/lang/NoSuchFieldError': method resolution failed> (0x00000000ec1cba98) thrown at [/build/openjdk-8-bnv6fG/openjdk-8-8u151-b12/src/hotspot/src/share/vm/prims/methodHandles.cpp, line 1146]
Event: 2.671 Thread 0x00007f61380e1800 Exception <a 'java/lang/ArrayIndexOutOfBoundsException': 18> (0x00000000ec2daca8) thrown at [/build/openjdk-8-bnv6fG/openjdk-8-8u151-b12/src/hotspot/src/share/vm/interpreter/interpreterRuntime.cpp, line 366]
Event: 2.671 Thread 0x00007f61380e1800 Exception <a 'java/lang/ArrayIndexOutOfBoundsException': 90> (0x00000000ec2dc2a0) thrown at [/build/openjdk-8-bnv6fG/openjdk-8-8u151-b12/src/hotspot/src/share/vm/interpreter/interpreterRuntime.cpp, line 366]
Event: 2.672 Thread 0x00007f61380e1800 Exception <a 'java/lang/ArrayIndexOutOfBoundsException': 105> (0x00000000ec2de050) thrown at [/build/openjdk-8-bnv6fG/openjdk-8-8u151-b12/src/hotspot/src/share/vm/interpreter/interpreterRuntime.cpp, line 366]
Event: 2.672 Thread 0x00007f61380e1800 Exception <a 'java/lang/ArrayIndexOutOfBoundsException': 60> (0x00000000ec2df290) thrown at [/build/openjdk-8-bnv6fG/openjdk-8-8u151-b12/src/hotspot/src/share/vm/interpreter/interpreterRuntime.cpp, line 366]
Event: 25.775 Thread 0x00007f61380e1800 Exception <a 'java/lang/reflect/InvocationTargetException'> (0x00000000ec010ef8) thrown at [/build/openjdk-8-bnv6fG/openjdk-8-8u151-b12/src/hotspot/src/share/vm/runtime/reflection.cpp, line 1092]
Event: 25.976 Thread 0x00007f61380e1800 Exception <a 'java/io/FileNotFoundException'> (0x00000000ec017170) thrown at [/build/openjdk-8-bnv6fG/openjdk-8-8u151-b12/src/hotspot/src/share/vm/prims/jni.cpp, line 709]
Event: 26.103 Thread 0x00007f61380e1800 Exception <a 'java/lang/ClassNotFoundException': sun/dc/DuctusRenderingEngine> (0x00000000ec030790) thrown at [/build/openjdk-8-bnv6fG/openjdk-8-8u151-b12/src/hotspot/src/share/vm/classfile/systemDictionary.cpp, line 210]

Events (10 events):
Event: 26.752 loading class sun/awt/AWTAccessor$InputEventAccessor done
Event: 26.752 loading class java/awt/event/InputEvent$1 done
Event: 26.752 loading class java/awt/Robot$RobotDisposer
Event: 26.752 loading class java/awt/Robot$RobotDisposer done
Event: 26.752 loading class sun/java2d/opengl/OGLRenderQueue
Event: 26.753 loading class sun/java2d/pipe/RenderQueue
Event: 26.753 loading class sun/java2d/pipe/RenderQueue done
Event: 26.753 loading class sun/java2d/opengl/OGLRenderQueue done
Event: 26.764 loading class sun/awt/X11/XErrorEvent
Event: 26.768 loading class sun/awt/X11/XErrorEvent done


Dynamic libraries:
c2800000-c5180000 rw-p 00000000 00:00 0 
c5180000-eb800000 ---p 00000000 00:00 0 
eb800000-ecc80000 rw-p 00000000 00:00 0 
ecc80000-100000000 ---p 00000000 00:00 0 
100000000-100220000 rw-p 00000000 00:00 0 
100220000-140000000 ---p 00000000 00:00 0 
55cd43637000-55cd43638000 r-xp 00000000 08:06 2001149                    /usr/lib/jvm/java-8-openjdk-amd64/jre/bin/java
55cd43837000-55cd43838000 r--p 00000000 08:06 2001149                    /usr/lib/jvm/java-8-openjdk-amd64/jre/bin/java
55cd43838000-55cd43839000 rw-p 00001000 08:06 2001149                    /usr/lib/jvm/java-8-openjdk-amd64/jre/bin/java
55cd44a20000-55cd44a41000 rw-p 00000000 00:00 0                          [heap]
7f6110000000-7f6110021000 rw-p 00000000 00:00 0 
7f6110021000-7f6114000000 ---p 00000000 00:00 0 
7f61165ad000-7f6116b2c000 rw-p 00000000 00:00 0 
7f6116b2c000-7f6116b40000 r-xp 00000000 08:06 1582087                    /lib/x86_64-linux-gnu/libgpg-error.so.0.22.0
7f6116b40000-7f6116d3f000 ---p 00014000 08:06 1582087                    /lib/x86_64-linux-gnu/libgpg-error.so.0.22.0
7f6116d3f000-7f6116d40000 r--p 00013000 08:06 1582087                    /lib/x86_64-linux-gnu/libgpg-error.so.0.22.0
7f6116d40000-7f6116d41000 rw-p 00014000 08:06 1582087                    /lib/x86_64-linux-gnu/libgpg-error.so.0.22.0
7f6116d41000-7f6116d66000 r-xp 00000000 08:06 1582194                    /lib/x86_64-linux-gnu/libselinux.so.1
7f6116d66000-7f6116f65000 ---p 00025000 08:06 1582194                    /lib/x86_64-linux-gnu/libselinux.so.1
7f6116f65000-7f6116f66000 r--p 00024000 08:06 1582194                    /lib/x86_64-linux-gnu/libselinux.so.1
7f6116f66000-7f6116f67000 rw-p 00025000 08:06 1582194                    /lib/x86_64-linux-gnu/libselinux.so.1
7f6116f67000-7f6116f69000 rw-p 00000000 00:00 0 
7f6116f69000-7f6116f80000 r-xp 00000000 08:06 1972722                    /usr/lib/x86_64-linux-gnu/liblz4.so.1.7.1
7f6116f80000-7f611717f000 ---p 00017000 08:06 1972722                    /usr/lib/x86_64-linux-gnu/liblz4.so.1.7.1
7f611717f000-7f6117180000 r--p 00016000 08:06 1972722                    /usr/lib/x86_64-linux-gnu/liblz4.so.1.7.1
7f6117180000-7f6117181000 rw-p 00017000 08:06 1972722                    /usr/lib/x86_64-linux-gnu/liblz4.so.1.7.1
7f6117181000-7f61171a5000 r-xp 00000000 08:06 1582106                    /lib/x86_64-linux-gnu/liblzma.so.5.2.2
7f61171a5000-7f61173a5000 ---p 00024000 08:06 1582106                    /lib/x86_64-linux-gnu/liblzma.so.5.2.2
7f61173a5000-7f61173a6000 r--p 00024000 08:06 1582106                    /lib/x86_64-linux-gnu/liblzma.so.5.2.2
7f61173a6000-7f61173a7000 rw-p 00025000 08:06 1582106                    /lib/x86_64-linux-gnu/liblzma.so.5.2.2
7f61173a7000-7f61174ad000 r-xp 00000000 08:06 1582083                    /lib/x86_64-linux-gnu/libgcrypt.so.20.1.8
7f61174ad000-7f61176ac000 ---p 00106000 08:06 1582083                    /lib/x86_64-linux-gnu/libgcrypt.so.20.1.8
7f61176ac000-7f61176ae000 r--p 00105000 08:06 1582083                    /lib/x86_64-linux-gnu/libgcrypt.so.20.1.8
7f61176ae000-7f61176b4000 rw-p 00107000 08:06 1582083                    /lib/x86_64-linux-gnu/libgcrypt.so.20.1.8
7f61176b4000-7f61176b5000 rw-p 00000000 00:00 0 
7f61176b5000-7f6117736000 r-xp 00000000 08:06 1582204                    /lib/x86_64-linux-gnu/libsystemd.so.0.19.0
7f6117736000-7f6117935000 ---p 00081000 08:06 1582204                    /lib/x86_64-linux-gnu/libsystemd.so.0.19.0
7f6117935000-7f6117938000 r--p 00080000 08:06 1582204                    /lib/x86_64-linux-gnu/libsystemd.so.0.19.0
7f6117938000-7f6117939000 rw-p 00083000 08:06 1582204                    /lib/x86_64-linux-gnu/libsystemd.so.0.19.0
7f6117939000-7f611793a000 rw-p 00000000 00:00 0 
7f611793a000-7f61179aa000 r-xp 00000000 08:06 1582167                    /lib/x86_64-linux-gnu/libpcre.so.3.13.3
7f61179aa000-7f6117baa000 ---p 00070000 08:06 1582167                    /lib/x86_64-linux-gnu/libpcre.so.3.13.3
7f6117baa000-7f6117bab000 r--p 00070000 08:06 1582167                    /lib/x86_64-linux-gnu/libpcre.so.3.13.3
7f6117bab000-7f6117bac000 rw-p 00071000 08:06 1582167                    /lib/x86_64-linux-gnu/libpcre.so.3.13.3
7f6117bac000-7f6117bb3000 r-xp 00000000 08:06 1972330                    /usr/lib/x86_64-linux-gnu/libffi.so.6.0.4
7f6117bb3000-7f6117db2000 ---p 00007000 08:06 1972330                    /usr/lib/x86_64-linux-gnu/libffi.so.6.0.4
7f6117db2000-7f6117db3000 r--p 00006000 08:06 1972330                    /usr/lib/x86_64-linux-gnu/libffi.so.6.0.4
7f6117db3000-7f6117db4000 rw-p 00007000 08:06 1972330                    /usr/lib/x86_64-linux-gnu/libffi.so.6.0.4
7f6117db4000-7f6117dfe000 r-xp 00000000 08:06 1582059                    /lib/x86_64-linux-gnu/libdbus-1.so.3.14.13
7f6117dfe000-7f6117ffe000 ---p 0004a000 08:06 1582059                    /lib/x86_64-linux-gnu/libdbus-1.so.3.14.13
7f6117ffe000-7f6117fff000 r--p 0004a000 08:06 1582059                    /lib/x86_64-linux-gnu/libdbus-1.so.3.14.13
7f6117fff000-7f6118000000 rw-p 0004b000 08:06 1582059                    /lib/x86_64-linux-gnu/libdbus-1.so.3.14.13
7f6118000000-7f6118021000 rw-p 00000000 00:00 0 
7f6118021000-7f611c000000 ---p 00000000 00:00 0 
7f611c000000-7f611c021000 rw-p 00000000 00:00 0 
7f611c021000-7f6120000000 ---p 00000000 00:00 0 
7f6120000000-7f6120021000 rw-p 00000000 00:00 0 
7f6120021000-7f6124000000 ---p 00000000 00:00 0 
7f6124000000-7f6124021000 rw-p 00000000 00:00 0 
7f6124021000-7f6128000000 ---p 00000000 00:00 0 
7f6128000000-7f6128033000 rw-p 00000000 00:00 0 
7f6128033000-7f612c000000 ---p 00000000 00:00 0 
7f612c000000-7f612c021000 rw-p 00000000 00:00 0 
7f612c021000-7f6130000000 ---p 00000000 00:00 0 
7f6130000000-7f61301c0000 rw-p 00000000 00:00 0 
7f61301c0000-7f6134000000 ---p 00000000 00:00 0 
7f6134000000-7f6134021000 rw-p 00000000 00:00 0 
7f6134021000-7f6138000000 ---p 00000000 00:00 0 
7f6138000000-7f6138123000 rw-p 00000000 00:00 0 
7f6138123000-7f613c000000 ---p 00000000 00:00 0 
7f613c000000-7f613c021000 rw-p 00000000 00:00 0 
7f613c021000-7f6140000000 ---p 00000000 00:00 0 
7f6140000000-7f6140021000 rw-p 00000000 00:00 0 
7f6140021000-7f6144000000 ---p 00000000 00:00 0 
7f6144000000-7f6144021000 rw-p 00000000 00:00 0 
7f6144021000-7f6148000000 ---p 00000000 00:00 0 
7f6148000000-7f6148021000 rw-p 00000000 00:00 0 
7f6148021000-7f614c000000 ---p 00000000 00:00 0 
7f614c000000-7f614c021000 rw-p 00000000 00:00 0 
7f614c021000-7f6150000000 ---p 00000000 00:00 0 
7f6150000000-7f6150021000 rw-p 00000000 00:00 0 
7f6150021000-7f6154000000 ---p 00000000 00:00 0 
7f6154000000-7f6154021000 rw-p 00000000 00:00 0 
7f6154021000-7f6158000000 ---p 00000000 00:00 0 
7f6158000000-7f615826b000 rw-p 00000000 00:00 0 
7f615826b000-7f615c000000 ---p 00000000 00:00 0 
7f615c000000-7f615c2ef000 rw-p 00000000 00:00 0 
7f615c2ef000-7f6160000000 ---p 00000000 00:00 0 
7f6160000000-7f6160021000 rw-p 00000000 00:00 0 
7f6160021000-7f6164000000 ---p 00000000 00:00 0 
7f6164000000-7f616481f000 rw-p 00000000 00:00 0 
7f616481f000-7f6168000000 ---p 00000000 00:00 0 
7f6168000000-7f6168021000 rw-p 00000000 00:00 0 
7f6168021000-7f616c000000 ---p 00000000 00:00 0 
7f616c000000-7f616c021000 rw-p 00000000 00:00 0 
7f616c021000-7f6170000000 ---p 00000000 00:00 0 
7f6170000000-7f6170021000 rw-p 00000000 00:00 0 
7f6170021000-7f6174000000 ---p 00000000 00:00 0 
7f6174000000-7f6174021000 rw-p 00000000 00:00 0 
7f6174021000-7f6178000000 ---p 00000000 00:00 0 
7f6178000000-7f6178021000 rw-p 00000000 00:00 0 
7f6178021000-7f617c000000 ---p 00000000 00:00 0 
7f617c1d4000-7f617c200000 r-xp 00000000 08:06 1972088                    /usr/lib/x86_64-linux-gnu/libatspi.so.0.0.1
7f617c200000-7f617c400000 ---p 0002c000 08:06 1972088                    /usr/lib/x86_64-linux-gnu/libatspi.so.0.0.1
7f617c400000-7f617c403000 r--p 0002c000 08:06 1972088                    /usr/lib/x86_64-linux-gnu/libatspi.so.0.0.1
7f617c403000-7f617c404000 rw-p 0002f000 08:06 1972088                    /usr/lib/x86_64-linux-gnu/libatspi.so.0.0.1
7f617c404000-7f617c515000 r-xp 00000000 08:06 1582085                    /lib/x86_64-linux-gnu/libglib-2.0.so.0.5400.1
7f617c515000-7f617c715000 ---p 00111000 08:06 1582085                    /lib/x86_64-linux-gnu/libglib-2.0.so.0.5400.1
7f617c715000-7f617c716000 r--p 00111000 08:06 1582085                    /lib/x86_64-linux-gnu/libglib-2.0.so.0.5400.1
7f617c716000-7f617c717000 rw-p 00112000 08:06 1582085                    /lib/x86_64-linux-gnu/libglib-2.0.so.0.5400.1
7f617c717000-7f617c718000 rw-p 00000000 00:00 0 
7f617c718000-7f617c76a000 r-xp 00000000 08:06 1972476                    /usr/lib/x86_64-linux-gnu/libgobject-2.0.so.0.5400.1
7f617c76a000-7f617c96a000 ---p 00052000 08:06 1972476                    /usr/lib/x86_64-linux-gnu/libgobject-2.0.so.0.5400.1
7f617c96a000-7f617c96b000 r--p 00052000 08:06 1972476                    /usr/lib/x86_64-linux-gnu/libgobject-2.0.so.0.5400.1
7f617c96b000-7f617c96c000 rw-p 00053000 08:06 1972476                    /usr/lib/x86_64-linux-gnu/libgobject-2.0.so.0.5400.1
7f617c96c000-7f617c999000 r-xp 00000000 08:06 1972084                    /usr/lib/x86_64-linux-gnu/libatk-bridge-2.0.so.0.0.0
7f617c999000-7f617cb98000 ---p 0002d000 08:06 1972084                    /usr/lib/x86_64-linux-gnu/libatk-bridge-2.0.so.0.0.0
7f617cb98000-7f617cb99000 r--p 0002c000 08:06 1972084                    /usr/lib/x86_64-linux-gnu/libatk-bridge-2.0.so.0.0.0
7f617cb99000-7f617cb9b000 rw-p 0002d000 08:06 1972084                    /usr/lib/x86_64-linux-gnu/libatk-bridge-2.0.so.0.0.0
7f617cb9b000-7f617cbbe000 r-xp 00000000 08:06 1972082                    /usr/lib/x86_64-linux-gnu/libatk-1.0.so.0.22609.1
7f617cbbe000-7f617cdbd000 ---p 00023000 08:06 1972082                    /usr/lib/x86_64-linux-gnu/libatk-1.0.so.0.22609.1
7f617cdbd000-7f617cdc0000 r--p 00022000 08:06 1972082                    /usr/lib/x86_64-linux-gnu/libatk-1.0.so.0.22609.1
7f617cdc0000-7f617cdc1000 rw-p 00025000 08:06 1972082                    /usr/lib/x86_64-linux-gnu/libatk-1.0.so.0.22609.1
7f617cdc1000-7f617cdd7000 r-xp 00000000 08:06 2133264                    /usr/lib/x86_64-linux-gnu/jni/libatk-wrapper.so.6.0.0
7f617cdd7000-7f617cfd6000 ---p 00016000 08:06 2133264                    /usr/lib/x86_64-linux-gnu/jni/libatk-wrapper.so.6.0.0
7f617cfd6000-7f617cfd7000 r--p 00015000 08:06 2133264                    /usr/lib/x86_64-linux-gnu/jni/libatk-wrapper.so.6.0.0
7f617cfd7000-7f617cfd8000 rw-p 00016000 08:06 2133264                    /usr/lib/x86_64-linux-gnu/jni/libatk-wrapper.so.6.0.0
7f617cfd8000-7f617cfdb000 ---p 00000000 00:00 0 
7f617cfdb000-7f617d0d9000 rw-p 00000000 00:00 0 
7f617d0d9000-7f617d0de000 r-xp 00000000 08:06 1972010                    /usr/lib/x86_64-linux-gnu/libXfixes.so.3.1.0
7f617d0de000-7f617d2dd000 ---p 00005000 08:06 1972010                    /usr/lib/x86_64-linux-gnu/libXfixes.so.3.1.0
7f617d2dd000-7f617d2de000 r--p 00004000 08:06 1972010                    /usr/lib/x86_64-linux-gnu/libXfixes.so.3.1.0
7f617d2de000-7f617d2df000 rw-p 00005000 08:06 1972010                    /usr/lib/x86_64-linux-gnu/libXfixes.so.3.1.0
7f617d2df000-7f617d2e8000 r-xp 00000000 08:06 1972002                    /usr/lib/x86_64-linux-gnu/libXcursor.so.1.0.2
7f617d2e8000-7f617d4e7000 ---p 00009000 08:06 1972002                    /usr/lib/x86_64-linux-gnu/libXcursor.so.1.0.2
7f617d4e7000-7f617d4e8000 r--p 00008000 08:06 1972002                    /usr/lib/x86_64-linux-gnu/libXcursor.so.1.0.2
7f617d4e8000-7f617d4e9000 rw-p 00009000 08:06 1972002                    /usr/lib/x86_64-linux-gnu/libXcursor.so.1.0.2
7f617d4e9000-7f617d569000 rw-p 00000000 00:00 0 
7f617d569000-7f617d6e9000 ---p 00000000 00:00 0 
7f617d6e9000-7f617d6ec000 ---p 00000000 00:00 0 
7f617d6ec000-7f617d7ea000 rw-p 00000000 00:00 0 
7f617d7ea000-7f617d81b000 r-xp 00000000 08:06 1972881                    /usr/lib/x86_64-linux-gnu/libpng16.so.16.34.0
7f617d81b000-7f617da1a000 ---p 00031000 08:06 1972881                    /usr/lib/x86_64-linux-gnu/libpng16.so.16.34.0
7f617da1a000-7f617da1b000 r--p 00030000 08:06 1972881                    /usr/lib/x86_64-linux-gnu/libpng16.so.16.34.0
7f617da1b000-7f617da1c000 rw-p 00031000 08:06 1972881                    /usr/lib/x86_64-linux-gnu/libpng16.so.16.34.0
7f617da1c000-7f617dac8000 r-xp 00000000 08:06 1967388                    /usr/lib/x86_64-linux-gnu/libfreetype.so.6.14.0
7f617dac8000-7f617dcc7000 ---p 000ac000 08:06 1967388                    /usr/lib/x86_64-linux-gnu/libfreetype.so.6.14.0
7f617dcc7000-7f617dcce000 r--p 000ab000 08:06 1967388                    /usr/lib/x86_64-linux-gnu/libfreetype.so.6.14.0
7f617dcce000-7f617dccf000 rw-p 000b2000 08:06 1967388                    /usr/lib/x86_64-linux-gnu/libfreetype.so.6.14.0
7f617dccf000-7f617dd20000 r-xp 00000000 08:06 2001169                    /usr/lib/jvm/java-8-openjdk-amd64/jre/lib/amd64/libfontmanager.so
7f617dd20000-7f617df20000 ---p 00051000 08:06 2001169                    /usr/lib/jvm/java-8-openjdk-amd64/jre/lib/amd64/libfontmanager.so
7f617df20000-7f617df22000 r--p 00051000 08:06 2001169                    /usr/lib/jvm/java-8-openjdk-amd64/jre/lib/amd64/libfontmanager.so
7f617df22000-7f617df23000 rw-p 00053000 08:06 2001169                    /usr/lib/jvm/java-8-openjdk-amd64/jre/lib/amd64/libfontmanager.so
7f617df23000-7f617df36000 r-xp 00000000 08:06 1582039                    /lib/x86_64-linux-gnu/libbsd.so.0.8.6
7f617df36000-7f617e135000 ---p 00013000 08:06 1582039                    /lib/x86_64-linux-gnu/libbsd.so.0.8.6
7f617e135000-7f617e136000 r--p 00012000 08:06 1582039                    /lib/x86_64-linux-gnu/libbsd.so.0.8.6
7f617e136000-7f617e137000 rw-p 00013000 08:06 1582039                    /lib/x86_64-linux-gnu/libbsd.so.0.8.6
7f617e137000-7f617e138000 rw-p 00000000 00:00 0 
7f617e138000-7f617e13d000 r-xp 00000000 08:06 1972006                    /usr/lib/x86_64-linux-gnu/libXdmcp.so.6.0.0
7f617e13d000-7f617e33c000 ---p 00005000 08:06 1972006                    /usr/lib/x86_64-linux-gnu/libXdmcp.so.6.0.0
7f617e33c000-7f617e33d000 r--p 00004000 08:06 1972006                    /usr/lib/x86_64-linux-gnu/libXdmcp.so.6.0.0
7f617e33d000-7f617e33e000 rw-p 00005000 08:06 1972006                    /usr/lib/x86_64-linux-gnu/libXdmcp.so.6.0.0
7f617e33e000-7f617e340000 r-xp 00000000 08:06 1971995                    /usr/lib/x86_64-linux-gnu/libXau.so.6.0.0
7f617e340000-7f617e540000 ---p 00002000 08:06 1971995                    /usr/lib/x86_64-linux-gnu/libXau.so.6.0.0
7f617e540000-7f617e541000 r--p 00002000 08:06 1971995                    /usr/lib/x86_64-linux-gnu/libXau.so.6.0.0
7f617e541000-7f617e542000 rw-p 00003000 08:06 1971995                    /usr/lib/x86_64-linux-gnu/libXau.so.6.0.0
7f617e542000-7f617e568000 r-xp 00000000 08:06 1973242                    /usr/lib/x86_64-linux-gnu/libxcb.so.1.1.0
7f617e568000-7f617e767000 ---p 00026000 08:06 1973242                    /usr/lib/x86_64-linux-gnu/libxcb.so.1.1.0
7f617e767000-7f617e768000 r--p 00025000 08:06 1973242                    /usr/lib/x86_64-linux-gnu/libxcb.so.1.1.0
7f617e768000-7f617e769000 rw-p 00026000 08:06 1973242                    /usr/lib/x86_64-linux-gnu/libxcb.so.1.1.0
7f617e769000-7f617e778000 r-xp 00000000 08:06 1972018                    /usr/lib/x86_64-linux-gnu/libXi.so.6.1.0
7f617e778000-7f617e977000 ---p 0000f000 08:06 1972018                    /usr/lib/x86_64-linux-gnu/libXi.so.6.1.0
7f617e977000-7f617e978000 r--p 0000e000 08:06 1972018                    /usr/lib/x86_64-linux-gnu/libXi.so.6.1.0
7f617e978000-7f617e979000 rw-p 0000f000 08:06 1972018                    /usr/lib/x86_64-linux-gnu/libXi.so.6.1.0
7f617e979000-7f617e97e000 r-xp 00000000 08:06 1972036                    /usr/lib/x86_64-linux-gnu/libXtst.so.6.1.0
7f617e97e000-7f617eb7d000 ---p 00005000 08:06 1972036                    /usr/lib/x86_64-linux-gnu/libXtst.so.6.1.0
7f617eb7d000-7f617eb7e000 r--p 00004000 08:06 1972036                    /usr/lib/x86_64-linux-gnu/libXtst.so.6.1.0
7f617eb7e000-7f617eb7f000 rw-p 00005000 08:06 1972036                    /usr/lib/x86_64-linux-gnu/libXtst.so.6.1.0
7f617eb7f000-7f617eb88000 r-xp 00000000 08:06 1972030                    /usr/lib/x86_64-linux-gnu/libXrender.so.1.3.0
7f617eb88000-7f617ed87000 ---p 00009000 08:06 1972030                    /usr/lib/x86_64-linux-gnu/libXrender.so.1.3.0
7f617ed87000-7f617ed88000 r--p 00008000 08:06 1972030                    /usr/lib/x86_64-linux-gnu/libXrender.so.1.3.0
7f617ed88000-7f617ed89000 rw-p 00009000 08:06 1972030                    /usr/lib/x86_64-linux-gnu/libXrender.so.1.3.0
7f617ed89000-7f617eebd000 r-xp 00000000 08:06 1971991                    /usr/lib/x86_64-linux-gnu/libX11.so.6.3.0
7f617eebd000-7f617f0bd000 ---p 00134000 08:06 1971991                    /usr/lib/x86_64-linux-gnu/libX11.so.6.3.0
7f617f0bd000-7f617f0be000 r--p 00134000 08:06 1971991                    /usr/lib/x86_64-linux-gnu/libX11.so.6.3.0
7f617f0be000-7f617f0c2000 rw-p 00135000 08:06 1971991                    /usr/lib/x86_64-linux-gnu/libX11.so.6.3.0
7f617f0c2000-7f617f0d3000 r-xp 00000000 08:06 1972008                    /usr/lib/x86_64-linux-gnu/libXext.so.6.4.0
7f617f0d3000-7f617f2d2000 ---p 00011000 08:06 1972008                    /usr/lib/x86_64-linux-gnu/libXext.so.6.4.0
7f617f2d2000-7f617f2d3000 r--p 00010000 08:06 1972008                    /usr/lib/x86_64-linux-gnu/libXext.so.6.4.0
7f617f2d3000-7f617f2d4000 rw-p 00011000 08:06 1972008                    /usr/lib/x86_64-linux-gnu/libXext.so.6.4.0
7f617f2d4000-7f617f328000 r-xp 00000000 08:06 2001167                    /usr/lib/jvm/java-8-openjdk-amd64/jre/lib/amd64/libawt_xawt.so
7f617f328000-7f617f527000 ---p 00054000 08:06 2001167                    /usr/lib/jvm/java-8-openjdk-amd64/jre/lib/amd64/libawt_xawt.so
7f617f527000-7f617f528000 r--p 00053000 08:06 2001167                    /usr/lib/jvm/java-8-openjdk-amd64/jre/lib/amd64/libawt_xawt.so
7f617f528000-7f617f52b000 rw-p 00054000 08:06 2001167                    /usr/lib/jvm/java-8-openjdk-amd64/jre/lib/amd64/libawt_xawt.so
7f617f52b000-7f617f52c000 rw-p 00000000 00:00 0 
7f617f52c000-7f617f5cc000 r-xp 00000000 08:06 2001165                    /usr/lib/jvm/java-8-openjdk-amd64/jre/lib/amd64/libawt.so
7f617f5cc000-7f617f7cb000 ---p 000a0000 08:06 2001165                    /usr/lib/jvm/java-8-openjdk-amd64/jre/lib/amd64/libawt.so
7f617f7cb000-7f617f7cc000 r--p 0009f000 08:06 2001165                    /usr/lib/jvm/java-8-openjdk-amd64/jre/lib/amd64/libawt.so
7f617f7cc000-7f617f7d7000 rw-p 000a0000 08:06 2001165                    /usr/lib/jvm/java-8-openjdk-amd64/jre/lib/amd64/libawt.so
7f617f7d7000-7f617f9fc000 rw-p 00000000 00:00 0 
7f617f9fc000-7f617f9ff000 ---p 00000000 00:00 0 
7f617f9ff000-7f617fafd000 rw-p 00000000 00:00 0 
7f617fafd000-7f617fb00000 ---p 00000000 00:00 0 
7f617fb00000-7f617fbfe000 rw-p 00000000 00:00 0 
7f617fbfe000-7f617fc01000 ---p 00000000 00:00 0 
7f617fc01000-7f617fcff000 rw-p 00000000 00:00 0 
7f617fcff000-7f617fd02000 ---p 00000000 00:00 0 
7f617fd02000-7f6180000000 rw-p 00000000 00:00 0 
7f6180000000-7f6180021000 rw-p 00000000 00:00 0 
7f6180021000-7f6184000000 ---p 00000000 00:00 0 
7f618402b000-7f618402e000 r--p 00000000 08:06 1349762                    /usr/share/locale-langpack/pt_BR/LC_MESSAGES/atk10.mo
7f618402e000-7f6184031000 ---p 00000000 00:00 0 
7f6184031000-7f6184067000 rw-p 00000000 00:00 0 
7f6184067000-7f618407a000 r--s 00346000 08:06 2001237                    /usr/lib/jvm/java-8-openjdk-amd64/jre/lib/resources.jar
7f618407a000-7f6184081000 r--s 00000000 08:06 400283                     /usr/lib/x86_64-linux-gnu/gconv/gconv-modules.cache
7f6184081000-7f61840a1000 r--p 00000000 08:06 1349960                    /usr/share/locale-langpack/pt_BR/LC_MESSAGES/libc.mo
7f61840a1000-7f61840c9000 r-xp 00000000 08:06 2001192                    /usr/lib/jvm/java-8-openjdk-amd64/jre/lib/amd64/libsunec.so
7f61840c9000-7f61842c8000 ---p 00028000 08:06 2001192                    /usr/lib/jvm/java-8-openjdk-amd64/jre/lib/amd64/libsunec.so
7f61842c8000-7f61842cc000 r--p 00027000 08:06 2001192                    /usr/lib/jvm/java-8-openjdk-amd64/jre/lib/amd64/libsunec.so
7f61842cc000-7f61842cd000 rw-p 0002b000 08:06 2001192                    /usr/lib/jvm/java-8-openjdk-amd64/jre/lib/amd64/libsunec.so
7f61842cd000-7f61842d0000 ---p 00000000 00:00 0 
7f61842d0000-7f61845ce000 rw-p 00000000 00:00 0 
7f61845ce000-7f61845d1000 ---p 00000000 00:00 0 
7f61845d1000-7f61846cf000 rw-p 00000000 00:00 0 
7f61846cf000-7f61846d2000 ---p 00000000 00:00 0 
7f61846d2000-7f61847d0000 rw-p 00000000 00:00 0 
7f61847d0000-7f61847d3000 ---p 00000000 00:00 0 
7f61847d3000-7f61848d1000 rw-p 00000000 00:00 0 
7f61848d1000-7f61848d4000 ---p 00000000 00:00 0 
7f61848d4000-7f61849d2000 rw-p 00000000 00:00 0 
7f61849d2000-7f61849d5000 ---p 00000000 00:00 0 
7f61849d5000-7f6184ad3000 rw-p 00000000 00:00 0 
7f6184ad3000-7f6184ae4000 r-xp 00000000 08:06 2001188                    /usr/lib/jvm/java-8-openjdk-amd64/jre/lib/amd64/libnio.so
7f6184ae4000-7f6184ce4000 ---p 00011000 08:06 2001188                    /usr/lib/jvm/java-8-openjdk-amd64/jre/lib/amd64/libnio.so
7f6184ce4000-7f6184ce5000 r--p 00011000 08:06 2001188                    /usr/lib/jvm/java-8-openjdk-amd64/jre/lib/amd64/libnio.so
7f6184ce5000-7f6184ce6000 rw-p 00012000 08:06 2001188                    /usr/lib/jvm/java-8-openjdk-amd64/jre/lib/amd64/libnio.so
7f6184ce6000-7f6184ce9000 ---p 00000000 00:00 0 
7f6184ce9000-7f6187de8000 rw-p 00000000 00:00 0 
7f6187de8000-7f6187dff000 r-xp 00000000 08:06 2001187                    /usr/lib/jvm/java-8-openjdk-amd64/jre/lib/amd64/libnet.so
7f6187dff000-7f6187ffe000 ---p 00017000 08:06 2001187                    /usr/lib/jvm/java-8-openjdk-amd64/jre/lib/amd64/libnet.so
7f6187ffe000-7f6187fff000 r--p 00016000 08:06 2001187                    /usr/lib/jvm/java-8-openjdk-amd64/jre/lib/amd64/libnet.so
7f6187fff000-7f6188000000 rw-p 00017000 08:06 2001187                    /usr/lib/jvm/java-8-openjdk-amd64/jre/lib/amd64/libnet.so
7f6188000000-7f6188021000 rw-p 00000000 00:00 0 
7f6188021000-7f618c000000 ---p 00000000 00:00 0 
7f618c000000-7f618c003000 ---p 00000000 00:00 0 
7f618c003000-7f618c039000 rw-p 00000000 00:00 0 
7f618c039000-7f618c183000 r--s 012f6000 08:02 4084914                    /home/thiago/workspace/passeidireto/recrutamento/pdhp-front/node_modules/protractor/node_modules/webdriver-manager/selenium/selenium-server-standalone-2.53.1.jar
7f618c183000-7f618c184000 ---p 00000000 00:00 0 
7f618c184000-7f618c284000 rw-p 00000000 00:00 0 
7f618c284000-7f618c287000 ---p 00000000 00:00 0 
7f618c287000-7f618c385000 rw-p 00000000 00:00 0 
7f618c385000-7f618c388000 ---p 00000000 00:00 0 
7f618c388000-7f618c486000 rw-p 00000000 00:00 0 
7f618c486000-7f618c489000 ---p 00000000 00:00 0 
7f618c489000-7f618c587000 rw-p 00000000 00:00 0 
7f618c587000-7f618c58a000 ---p 00000000 00:00 0 
7f618c58a000-7f618c688000 rw-p 00000000 00:00 0 
7f618c688000-7f618c68b000 ---p 00000000 00:00 0 
7f618c68b000-7f618c789000 rw-p 00000000 00:00 0 
7f618c789000-7f618ca67000 r--p 00000000 08:06 1967383                    /usr/lib/locale/locale-archive
7f618ca67000-7f618ca6a000 ---p 00000000 00:00 0 
7f618ca6a000-7f618cb68000 rw-p 00000000 00:00 0 
7f618cb68000-7f618cb6b000 ---p 00000000 00:00 0 
7f618cb6b000-7f618cc69000 rw-p 00000000 00:00 0 
7f618cc69000-7f618cc6a000 ---p 00000000 00:00 0 
7f618cc6a000-7f618dc79000 rw-p 00000000 00:00 0 
7f618dc79000-7f618de48000 r--s 03c21000 08:06 2001238                    /usr/lib/jvm/java-8-openjdk-amd64/jre/lib/rt.jar
7f618de48000-7f61906f4000 rw-p 00000000 00:00 0 
7f61906f4000-7f61906f5000 ---p 00000000 00:00 0 
7f61906f5000-7f61907f5000 rw-p 00000000 00:00 0 
7f61907f5000-7f61907f6000 ---p 00000000 00:00 0 
7f61907f6000-7f61908f6000 rw-p 00000000 00:00 0 
7f61908f6000-7f61908f7000 ---p 00000000 00:00 0 
7f61908f7000-7f61909f7000 rw-p 00000000 00:00 0 
7f61909f7000-7f61909f8000 ---p 00000000 00:00 0 
7f61909f8000-7f6190b0d000 rw-p 00000000 00:00 0 
7f6190b0d000-7f6190c40000 ---p 00000000 00:00 0 
7f6190c40000-7f6190c53000 rw-p 00000000 00:00 0 
7f6190c53000-7f6191000000 ---p 00000000 00:00 0 
7f6191000000-7f61914b0000 rwxp 00000000 00:00 0 
7f61914b0000-7f61a0000000 ---p 00000000 00:00 0 
7f61a0000000-7f61a03c5000 rw-p 00000000 00:00 0 
7f61a03c5000-7f61a4000000 ---p 00000000 00:00 0 
7f61a4001000-7f61a4004000 r--s 00015000 08:06 2001230                    /usr/lib/jvm/java-8-openjdk-amd64/jre/lib/jce.jar
7f61a4004000-7f61a4009000 r--s 0009a000 08:06 2001232                    /usr/lib/jvm/java-8-openjdk-amd64/jre/lib/jsse.jar
7f61a4009000-7f61a400b000 r--s 00008000 08:06 2001215                    /usr/lib/jvm/java-8-openjdk-amd64/jre/lib/ext/sunec.jar
7f61a400b000-7f61a400e000 r--s 0000f000 08:06 2001211                    /usr/lib/jvm/java-8-openjdk-amd64/jre/lib/ext/icedtea-sound.jar
7f61a400e000-7f61a400f000 r--s 0000a000 08:06 2001212                    /usr/lib/jvm/java-8-openjdk-amd64/jre/lib/ext/jaccess.jar
7f61a400f000-7f61a4011000 r--s 00007000 08:06 1076885                    /usr/share/java/java-atk-wrapper.jar
7f61a4011000-7f61a4012000 r--s 00010000 08:06 2001218                    /usr/lib/jvm/java-8-openjdk-amd64/jre/lib/ext/zipfs.jar
7f61a4012000-7f61a4018000 r--s 0003a000 08:06 2001216                    /usr/lib/jvm/java-8-openjdk-amd64/jre/lib/ext/sunjce_provider.jar
7f61a4018000-7f61a401c000 r--s 00037000 08:06 2001217                    /usr/lib/jvm/java-8-openjdk-amd64/jre/lib/ext/sunpkcs11.jar
7f61a401c000-7f61a4037000 r--s 00394000 08:06 2001209                    /usr/lib/jvm/java-8-openjdk-amd64/jre/lib/ext/cldrdata.jar
7f61a4037000-7f61a4052000 r--s 001d6000 08:06 2001214                    /usr/lib/jvm/java-8-openjdk-amd64/jre/lib/ext/nashorn.jar
7f61a4052000-7f61a40b5000 rw-p 00000000 00:00 0 
7f61a40b5000-7f61a41e8000 ---p 00000000 00:00 0 
7f61a41e8000-7f61a41f3000 rw-p 00000000 00:00 0 
7f61a41f3000-7f61a428c000 ---p 00000000 00:00 0 
7f61a428c000-7f61a428d000 rw-p 00000000 00:00 0 
7f61a428d000-7f61a4295000 r-xp 00000000 08:06 2001195                    /usr/lib/jvm/java-8-openjdk-amd64/jre/lib/amd64/libzip.so
7f61a4295000-7f61a4494000 ---p 00008000 08:06 2001195                    /usr/lib/jvm/java-8-openjdk-amd64/jre/lib/amd64/libzip.so
7f61a4494000-7f61a4495000 r--p 00007000 08:06 2001195                    /usr/lib/jvm/java-8-openjdk-amd64/jre/lib/amd64/libzip.so
7f61a4495000-7f61a4496000 rw-p 00008000 08:06 2001195                    /usr/lib/jvm/java-8-openjdk-amd64/jre/lib/amd64/libzip.so
7f61a4496000-7f61a44a1000 r-xp 00000000 08:06 1590539                    /lib/x86_64-linux-gnu/libnss_files-2.26.so
7f61a44a1000-7f61a46a0000 ---p 0000b000 08:06 1590539                    /lib/x86_64-linux-gnu/libnss_files-2.26.so
7f61a46a0000-7f61a46a1000 r--p 0000a000 08:06 1590539                    /lib/x86_64-linux-gnu/libnss_files-2.26.so
7f61a46a1000-7f61a46a2000 rw-p 0000b000 08:06 1590539                    /lib/x86_64-linux-gnu/libnss_files-2.26.so
7f61a46a2000-7f61a46a8000 rw-p 00000000 00:00 0 
7f61a46a8000-7f61a46b3000 r-xp 00000000 08:06 1590541                    /lib/x86_64-linux-gnu/libnss_nis-2.26.so
7f61a46b3000-7f61a48b2000 ---p 0000b000 08:06 1590541                    /lib/x86_64-linux-gnu/libnss_nis-2.26.so
7f61a48b2000-7f61a48b3000 r--p 0000a000 08:06 1590541                    /lib/x86_64-linux-gnu/libnss_nis-2.26.so
7f61a48b3000-7f61a48b4000 rw-p 0000b000 08:06 1590541                    /lib/x86_64-linux-gnu/libnss_nis-2.26.so
7f61a48b4000-7f61a48cb000 r-xp 00000000 08:06 1590536                    /lib/x86_64-linux-gnu/libnsl-2.26.so
7f61a48cb000-7f61a4aca000 ---p 00017000 08:06 1590536                    /lib/x86_64-linux-gnu/libnsl-2.26.so
7f61a4aca000-7f61a4acb000 r--p 00016000 08:06 1590536                    /lib/x86_64-linux-gnu/libnsl-2.26.so
7f61a4acb000-7f61a4acc000 rw-p 00017000 08:06 1590536                    /lib/x86_64-linux-gnu/libnsl-2.26.so
7f61a4acc000-7f61a4ace000 rw-p 00000000 00:00 0 
7f61a4ace000-7f61a4ad6000 r-xp 00000000 08:06 1590537                    /lib/x86_64-linux-gnu/libnss_compat-2.26.so
7f61a4ad6000-7f61a4cd5000 ---p 00008000 08:06 1590537                    /lib/x86_64-linux-gnu/libnss_compat-2.26.so
7f61a4cd5000-7f61a4cd6000 r--p 00007000 08:06 1590537                    /lib/x86_64-linux-gnu/libnss_compat-2.26.so
7f61a4cd6000-7f61a4cd7000 rw-p 00008000 08:06 1590537                    /lib/x86_64-linux-gnu/libnss_compat-2.26.so
7f61a4cd7000-7f61a4d04000 r-xp 00000000 08:06 2001176                    /usr/lib/jvm/java-8-openjdk-amd64/jre/lib/amd64/libjava.so
7f61a4d04000-7f61a4f04000 ---p 0002d000 08:06 2001176                    /usr/lib/jvm/java-8-openjdk-amd64/jre/lib/amd64/libjava.so
7f61a4f04000-7f61a4f05000 r--p 0002d000 08:06 2001176                    /usr/lib/jvm/java-8-openjdk-amd64/jre/lib/amd64/libjava.so
7f61a4f05000-7f61a4f07000 rw-p 0002e000 08:06 2001176                    /usr/lib/jvm/java-8-openjdk-amd64/jre/lib/amd64/libjava.so
7f61a4f07000-7f61a4f17000 r-xp 00000000 08:06 2001194                    /usr/lib/jvm/java-8-openjdk-amd64/jre/lib/amd64/libverify.so
7f61a4f17000-7f61a5116000 ---p 00010000 08:06 2001194                    /usr/lib/jvm/java-8-openjdk-amd64/jre/lib/amd64/libverify.so
7f61a5116000-7f61a5118000 r--p 0000f000 08:06 2001194                    /usr/lib/jvm/java-8-openjdk-amd64/jre/lib/amd64/libverify.so
7f61a5118000-7f61a5119000 rw-p 00011000 08:06 2001194                    /usr/lib/jvm/java-8-openjdk-amd64/jre/lib/amd64/libverify.so
7f61a5119000-7f61a5120000 r-xp 00000000 08:06 1590546                    /lib/x86_64-linux-gnu/librt-2.26.so
7f61a5120000-7f61a531f000 ---p 00007000 08:06 1590546                    /lib/x86_64-linux-gnu/librt-2.26.so
7f61a531f000-7f61a5320000 r--p 00006000 08:06 1590546                    /lib/x86_64-linux-gnu/librt-2.26.so
7f61a5320000-7f61a5321000 rw-p 00007000 08:06 1590546                    /lib/x86_64-linux-gnu/librt-2.26.so
7f61a5321000-7f61a5337000 r-xp 00000000 08:06 1590524                    /lib/x86_64-linux-gnu/libgcc_s.so.1
7f61a5337000-7f61a5536000 ---p 00016000 08:06 1590524                    /lib/x86_64-linux-gnu/libgcc_s.so.1
7f61a5536000-7f61a5537000 r--p 00015000 08:06 1590524                    /lib/x86_64-linux-gnu/libgcc_s.so.1
7f61a5537000-7f61a5538000 rw-p 00016000 08:06 1590524                    /lib/x86_64-linux-gnu/libgcc_s.so.1
7f61a5538000-7f61a568d000 r-xp 00000000 08:06 1590533                    /lib/x86_64-linux-gnu/libm-2.26.so
7f61a568d000-7f61a588c000 ---p 00155000 08:06 1590533                    /lib/x86_64-linux-gnu/libm-2.26.so
7f61a588c000-7f61a588d000 r--p 00154000 08:06 1590533                    /lib/x86_64-linux-gnu/libm-2.26.so
7f61a588d000-7f61a588e000 rw-p 00155000 08:06 1590533                    /lib/x86_64-linux-gnu/libm-2.26.so
7f61a588e000-7f61a5a06000 r-xp 00000000 08:06 1968381                    /usr/lib/x86_64-linux-gnu/libstdc++.so.6.0.24
7f61a5a06000-7f61a5c05000 ---p 00178000 08:06 1968381                    /usr/lib/x86_64-linux-gnu/libstdc++.so.6.0.24
7f61a5c05000-7f61a5c0f000 r--p 00177000 08:06 1968381                    /usr/lib/x86_64-linux-gnu/libstdc++.so.6.0.24
7f61a5c0f000-7f61a5c11000 rw-p 00181000 08:06 1968381                    /usr/lib/x86_64-linux-gnu/libstdc++.so.6.0.24
7f61a5c11000-7f61a5c14000 rw-p 00000000 00:00 0 
7f61a5c14000-7f61a689e000 r-xp 00000000 08:06 2001198                    /usr/lib/jvm/java-8-openjdk-amd64/jre/lib/amd64/server/libjvm.so
7f61a689e000-7f61a6a9e000 ---p 00c8a000 08:06 2001198                    /usr/lib/jvm/java-8-openjdk-amd64/jre/lib/amd64/server/libjvm.so
7f61a6a9e000-7f61a6b31000 r--p 00c8a000 08:06 2001198                    /usr/lib/jvm/java-8-openjdk-amd64/jre/lib/amd64/server/libjvm.so
7f61a6b31000-7f61a6b59000 rw-p 00d1d000 08:06 2001198                    /usr/lib/jvm/java-8-openjdk-amd64/jre/lib/amd64/server/libjvm.so
7f61a6b59000-7f61a6b8a000 rw-p 00000000 00:00 0 
7f61a6b8a000-7f61a6ba4000 r-xp 00000000 08:06 1590544                    /lib/x86_64-linux-gnu/libpthread-2.26.so
7f61a6ba4000-7f61a6da3000 ---p 0001a000 08:06 1590544                    /lib/x86_64-linux-gnu/libpthread-2.26.so
7f61a6da3000-7f61a6da4000 r--p 00019000 08:06 1590544                    /lib/x86_64-linux-gnu/libpthread-2.26.so
7f61a6da4000-7f61a6da5000 rw-p 0001a000 08:06 1590544                    /lib/x86_64-linux-gnu/libpthread-2.26.so
7f61a6da5000-7f61a6da9000 rw-p 00000000 00:00 0 
7f61a6da9000-7f61a6dac000 r-xp 00000000 08:06 1590532                    /lib/x86_64-linux-gnu/libdl-2.26.so
7f61a6dac000-7f61a6fab000 ---p 00003000 08:06 1590532                    /lib/x86_64-linux-gnu/libdl-2.26.so
7f61a6fab000-7f61a6fac000 r--p 00002000 08:06 1590532                    /lib/x86_64-linux-gnu/libdl-2.26.so
7f61a6fac000-7f61a6fad000 rw-p 00003000 08:06 1590532                    /lib/x86_64-linux-gnu/libdl-2.26.so
7f61a6fad000-7f61a6fc9000 r-xp 00000000 08:06 1582222                    /lib/x86_64-linux-gnu/libz.so.1.2.11
7f61a6fc9000-7f61a71c8000 ---p 0001c000 08:06 1582222                    /lib/x86_64-linux-gnu/libz.so.1.2.11
7f61a71c8000-7f61a71c9000 r--p 0001b000 08:06 1582222                    /lib/x86_64-linux-gnu/libz.so.1.2.11
7f61a71c9000-7f61a71ca000 rw-p 0001c000 08:06 1582222                    /lib/x86_64-linux-gnu/libz.so.1.2.11
7f61a71ca000-7f61a73a0000 r-xp 00000000 08:06 1590529                    /lib/x86_64-linux-gnu/libc-2.26.so
7f61a73a0000-7f61a75a0000 ---p 001d6000 08:06 1590529                    /lib/x86_64-linux-gnu/libc-2.26.so
7f61a75a0000-7f61a75a4000 r--p 001d6000 08:06 1590529                    /lib/x86_64-linux-gnu/libc-2.26.so
7f61a75a4000-7f61a75a6000 rw-p 001da000 08:06 1590529                    /lib/x86_64-linux-gnu/libc-2.26.so
7f61a75a6000-7f61a75aa000 rw-p 00000000 00:00 0 
7f61a75aa000-7f61a75b8000 r-xp 00000000 08:06 2001162                    /usr/lib/jvm/java-8-openjdk-amd64/jre/lib/amd64/jli/libjli.so
7f61a75b8000-7f61a77b7000 ---p 0000e000 08:06 2001162                    /usr/lib/jvm/java-8-openjdk-amd64/jre/lib/amd64/jli/libjli.so
7f61a77b7000-7f61a77b8000 r--p 0000d000 08:06 2001162                    /usr/lib/jvm/java-8-openjdk-amd64/jre/lib/amd64/jli/libjli.so
7f61a77b8000-7f61a77b9000 rw-p 0000e000 08:06 2001162                    /usr/lib/jvm/java-8-openjdk-amd64/jre/lib/amd64/jli/libjli.so
7f61a77b9000-7f61a77e0000 r-xp 00000000 08:06 1590525                    /lib/x86_64-linux-gnu/ld-2.26.so
7f61a77e0000-7f61a78c5000 rw-p 00000000 00:00 0 
7f61a78c5000-7f61a78c8000 ---p 00000000 00:00 0 
7f61a78c8000-7f61a79c8000 rw-p 00000000 00:00 0 
7f61a79c8000-7f61a79ca000 r--s 00001000 08:06 2001210                    /usr/lib/jvm/java-8-openjdk-amd64/jre/lib/ext/dnsns.jar
7f61a79ca000-7f61a79d4000 r--s 00116000 08:06 2001213                    /usr/lib/jvm/java-8-openjdk-amd64/jre/lib/ext/localedata.jar
7f61a79d4000-7f61a79dc000 rw-s 00000000 08:06 1186545                    /tmp/hsperfdata_thiago/3379
7f61a79dc000-7f61a79dd000 rw-p 00000000 00:00 0 
7f61a79dd000-7f61a79de000 r--p 00000000 00:00 0 
7f61a79de000-7f61a79e0000 rw-p 00000000 00:00 0 
7f61a79e0000-7f61a79e1000 r--p 00027000 08:06 1590525                    /lib/x86_64-linux-gnu/ld-2.26.so
7f61a79e1000-7f61a79e2000 rw-p 00028000 08:06 1590525                    /lib/x86_64-linux-gnu/ld-2.26.so
7f61a79e2000-7f61a79e3000 rw-p 00000000 00:00 0 
7fff02dce000-7fff02df0000 rw-p 00000000 00:00 0                          [stack]
7fff02df5000-7fff02df8000 r--p 00000000 00:00 0                          [vvar]
7fff02df8000-7fff02dfa000 r-xp 00000000 00:00 0                          [vdso]
ffffffffff600000-ffffffffff601000 r-xp 00000000 00:00 0                  [vsyscall]

VM Arguments:
jvm_args: -Dwebdriver.chrome.driver=/home/thiago/workspace/passeidireto/recrutamento/pdhp-front/node_modules/protractor/node_modules/webdriver-manager/selenium/chromedriver_2.26 
java_command: /home/thiago/workspace/passeidireto/recrutamento/pdhp-front/node_modules/protractor/node_modules/webdriver-manager/selenium/selenium-server-standalone-2.53.1.jar -port 40383
java_class_path (initial): /home/thiago/workspace/passeidireto/recrutamento/pdhp-front/node_modules/protractor/node_modules/webdriver-manager/selenium/selenium-server-standalone-2.53.1.jar
Launcher Type: SUN_STANDARD

Environment Variables:
PATH=/usr/share/npm/bin/node-gyp-bin:/home/thiago/workspace/passeidireto/recrutamento/pdhp-front/node_modules/.bin:/home/thiago/bin:/usr/local/sbin:/usr/local/bin:/usr/sbin:/usr/bin:/sbin:/bin:/usr/games:/usr/local/games:/snap/bin
USERNAME=thiago
SHELL=/bin/bash
DISPLAY=:0

Signal Handlers:
SIGSEGV: [libjvm.so+0xaa6ae0], sa_mask[0]=11111111011111111101111111111110, sa_flags=SA_RESTART|SA_SIGINFO
SIGBUS: [libjvm.so+0xaa6ae0], sa_mask[0]=11111111011111111101111111111110, sa_flags=SA_RESTART|SA_SIGINFO
SIGFPE: [libjvm.so+0x8ddf00], sa_mask[0]=11111111011111111101111111111110, sa_flags=SA_RESTART|SA_SIGINFO
SIGPIPE: [libjvm.so+0x8ddf00], sa_mask[0]=11111111011111111101111111111110, sa_flags=SA_RESTART|SA_SIGINFO
SIGXFSZ: [libjvm.so+0x8ddf00], sa_mask[0]=11111111011111111101111111111110, sa_flags=SA_RESTART|SA_SIGINFO
SIGILL: [libjvm.so+0x8ddf00], sa_mask[0]=11111111011111111101111111111110, sa_flags=SA_RESTART|SA_SIGINFO
SIGUSR1: SIG_DFL, sa_mask[0]=00000000000000000000000000000000, sa_flags=none
SIGUSR2: [libjvm.so+0x8dddb0], sa_mask[0]=00000000000000000000000000000000, sa_flags=SA_RESTART|SA_SIGINFO
SIGHUP: [libjvm.so+0x8de260], sa_mask[0]=11111111011111111101111111111110, sa_flags=SA_RESTART|SA_SIGINFO
SIGINT: [libjvm.so+0x8de260], sa_mask[0]=11111111011111111101111111111110, sa_flags=SA_RESTART|SA_SIGINFO
SIGTERM: [libjvm.so+0x8de260], sa_mask[0]=11111111011111111101111111111110, sa_flags=SA_RESTART|SA_SIGINFO
SIGQUIT: [libjvm.so+0x8de260], sa_mask[0]=11111111011111111101111111111110, sa_flags=SA_RESTART|SA_SIGINFO


---------------  S Y S T E M  ---------------

OS:DISTRIB_ID=Ubuntu
DISTRIB_RELEASE=17.10
DISTRIB_CODENAME=artful
DISTRIB_DESCRIPTION="Ubuntu 17.10"

uname:Linux 4.13.0-36-generic #40-Ubuntu SMP Fri Feb 16 20:07:48 UTC 2018 x86_64
libc:glibc 2.26 NPTL 2.26 
rlimit: STACK 8192k, CORE 0k, NPROC 15502, NOFILE 1048576, AS infinity
load average:1.06 0.71 0.36

/proc/meminfo:
MemTotal:        4022808 kB
MemFree:         1335112 kB
MemAvailable:    2036620 kB
Buffers:           72888 kB
Cached:           837304 kB
SwapCached:            0 kB
Active:          1821884 kB
Inactive:         513344 kB
Active(anon):    1435288 kB
Inactive(anon):    32144 kB
Active(file):     386596 kB
Inactive(file):   481200 kB
Unevictable:         232 kB
Mlocked:             232 kB
SwapTotal:       3905532 kB
SwapFree:        3905532 kB
Dirty:             13180 kB
Writeback:             0 kB
AnonPages:       1425176 kB
Mapped:           325440 kB
Shmem:             42388 kB
Slab:             146976 kB
SReclaimable:      73448 kB
SUnreclaim:        73528 kB
KernelStack:       12992 kB
PageTables:        58380 kB
NFS_Unstable:          0 kB
Bounce:                0 kB
WritebackTmp:          0 kB
CommitLimit:     5916936 kB
Committed_AS:    7336428 kB
VmallocTotal:   34359738367 kB
VmallocUsed:           0 kB
VmallocChunk:          0 kB
HardwareCorrupted:     0 kB
AnonHugePages:         0 kB
ShmemHugePages:        0 kB
ShmemPmdMapped:        0 kB
CmaTotal:              0 kB
CmaFree:               0 kB
HugePages_Total:       0
HugePages_Free:        0
HugePages_Rsvd:        0
HugePages_Surp:        0
Hugepagesize:       2048 kB
DirectMap4k:      122752 kB
DirectMap2M:     4055040 kB


CPU:total 4 (initial active 4) (4 cores per cpu, 1 threads per core) family 6 model 42 stepping 7, cmov, cx8, fxsr, mmx, sse, sse2, sse3, ssse3, sse4.1, sse4.2, popcnt, avx, aes, clmul, tsc, tscinvbit

/proc/cpuinfo:
processor	: 0
vendor_id	: GenuineIntel
cpu family	: 6
model		: 42
model name	: Intel(R) Core(TM) i5-2300 CPU @ 2.80GHz
stepping	: 7
microcode	: 0x6
cpu MHz		: 2793.528
cache size	: 6144 KB
physical id	: 0
siblings	: 4
core id		: 0
cpu cores	: 4
apicid		: 0
initial apicid	: 0
fpu		: yes
fpu_exception	: yes
cpuid level	: 13
wp		: yes
flags		: fpu vme de pse tsc msr pae mce cx8 apic sep mtrr pge mca cmov pat pse36 clflush dts acpi mmx fxsr sse sse2 ss ht tm pbe syscall nx rdtscp lm constant_tsc arch_perfmon pebs bts rep_good nopl xtopology nonstop_tsc cpuid aperfmperf pni pclmulqdq dtes64 monitor ds_cpl vmx est tm2 ssse3 cx16 xtpr pdcm pcid sse4_1 sse4_2 popcnt tsc_deadline_timer aes xsave avx lahf_lm epb pti retpoline tpr_shadow vnmi flexpriority ept vpid xsaveopt dtherm ida arat pln pts
bugs		: cpu_meltdown spectre_v1 spectre_v2
bogomips	: 5587.05
clflush size	: 64
cache_alignment	: 64
address sizes	: 36 bits physical, 48 bits virtual
power management:

processor	: 1
vendor_id	: GenuineIntel
cpu family	: 6
model		: 42
model name	: Intel(R) Core(TM) i5-2300 CPU @ 2.80GHz
stepping	: 7
microcode	: 0x6
cpu MHz		: 2793.528
cache size	: 6144 KB
physical id	: 0
siblings	: 4
core id		: 1
cpu cores	: 4
apicid		: 2
initial apicid	: 2
fpu		: yes
fpu_exception	: yes
cpuid level	: 13
wp		: yes
flags		: fpu vme de pse tsc msr pae mce cx8 apic sep mtrr pge mca cmov pat pse36 clflush dts acpi mmx fxsr sse sse2 ss ht tm pbe syscall nx rdtscp lm constant_tsc arch_perfmon pebs bts rep_good nopl xtopology nonstop_tsc cpuid aperfmperf pni pclmulqdq dtes64 monitor ds_cpl vmx est tm2 ssse3 cx16 xtpr pdcm pcid sse4_1 sse4_2 popcnt tsc_deadline_timer aes xsave avx lahf_lm epb pti retpoline tpr_shadow vnmi flexpriority ept vpid xsaveopt dtherm ida arat pln pts
bugs		: cpu_meltdown spectre_v1 spectre_v2
bogomips	: 5587.05
clflush size	: 64
cache_alignment	: 64
address sizes	: 36 bits physical, 48 bits virtual
power management:

processor	: 2
vendor_id	: GenuineIntel
cpu family	: 6
model		: 42
model name	: Intel(R) Core(TM) i5-2300 CPU @ 2.80GHz
stepping	: 7
microcode	: 0x6
cpu MHz		: 2793.528
cache size	: 6144 KB
physical id	: 0
siblings	: 4
core id		: 2
cpu cores	: 4
apicid		: 4
initial apicid	: 4
fpu		: yes
fpu_exception	: yes
cpuid level	: 13
wp		: yes
flags		: fpu vme de pse tsc msr pae mce cx8 apic sep mtrr pge mca cmov pat pse36 clflush dts acpi mmx fxsr sse sse2 ss ht tm pbe syscall nx rdtscp lm constant_tsc arch_perfmon pebs bts rep_good nopl xtopology nonstop_tsc cpuid aperfmperf pni pclmulqdq dtes64 monitor ds_cpl vmx est tm2 ssse3 cx16 xtpr pdcm pcid sse4_1 sse4_2 popcnt tsc_deadline_timer aes xsave avx lahf_lm epb pti retpoline tpr_shadow vnmi flexpriority ept vpid xsaveopt dtherm ida arat pln pts
bugs		: cpu_meltdown spectre_v1 spectre_v2
bogomips	: 5587.05
clflush size	: 64
cache_alignment	: 64
address sizes	: 36 bits physical, 48 bits virtual
power management:

processor	: 3
vendor_id	: GenuineIntel
cpu family	: 6
model		: 42
model name	: Intel(R) Core(TM) i5-2300 CPU @ 2.80GHz
stepping	: 7
microcode	: 0x6
cpu MHz		: 2793.528
cache size	: 6144 KB
physical id	: 0
siblings	: 4
core id		: 3
cpu cores	: 4
apicid		: 6
initial apicid	: 6
fpu		: yes
fpu_exception	: yes
cpuid level	: 13
wp		: yes
flags		: fpu vme de pse tsc msr pae mce cx8 apic sep mtrr pge mca cmov pat pse36 clflush dts acpi mmx fxsr sse sse2 ss ht tm pbe syscall nx rdtscp lm constant_tsc arch_perfmon pebs bts rep_good nopl xtopology nonstop_tsc cpuid aperfmperf pni pclmulqdq dtes64 monitor ds_cpl vmx est tm2 ssse3 cx16 xtpr pdcm pcid sse4_1 sse4_2 popcnt tsc_deadline_timer aes xsave avx lahf_lm epb pti retpoline tpr_shadow vnmi flexpriority ept vpid xsaveopt dtherm ida arat pln pts
bugs		: cpu_meltdown spectre_v1 spectre_v2
bogomips	: 5587.05
clflush size	: 64
cache_alignment	: 64
address sizes	: 36 bits physical, 48 bits virtual
power management:



Memory: 4k page, physical 4022808k(1335112k free), swap 3905532k(3905532k free)

vm_info: OpenJDK 64-Bit Server VM (25.151-b12) for linux-amd64 JRE (1.8.0_151-8u151-b12-0ubuntu0.17.10.2-b12), built on Oct 23 2017 22:43:02 by "buildd" with gcc 7.2.0

time: Sun Feb 25 21:37:56 2018
elapsed time: 26 seconds (0d 0h 0m 26s)

