#
# A fatal error has been detected by the Java Runtime Environment:
#
#  SIGSEGV (0xb) at pc=0x00007f0b7c3c1fc9, pid=4133, tid=0x00007f0b7d3d9700
#
# JRE version: OpenJDK Runtime Environment (8.0_151-b12) (build 1.8.0_151-8u151-b12-0ubuntu0.17.10.2-b12)
# Java VM: OpenJDK 64-Bit Server VM (25.151-b12 mixed mode linux-amd64 compressed oops)
# Problematic frame:
# C  [libawt_xawt.so+0x40fc9]
#
# Failed to write core dump. Core dumps have been disabled. To enable core dumping, try "ulimit -c unlimited" before starting Java again
#
# If you would like to submit a bug report, please visit:
#   http://bugreport.java.com/bugreport/crash.jsp
# The crash happened outside the Java Virtual Machine in native code.
# See problematic frame for where to report the bug.
#

---------------  T H R E A D  ---------------

Current thread (0x00007f0b34171000):  JavaThread "Session 057af4e0-1811-43ae-97dc-475bad667394 processing inside browser" [_thread_in_native, id=4154, stack(0x00007f0b7d2d9000,0x00007f0b7d3da000)]

siginfo: si_signo: 11 (SIGSEGV), si_code: 1 (SEGV_MAPERR), si_addr: 0x0000000000000068

Registers:
RAX=0x00000000000005fd, RBX=0x0000000000000000, RCX=0x00000000000005fd, RDX=0x0000000000000000
RSP=0x00007f0b7d3d7920, RBP=0x00007f0b7d3d7a10, RSI=0x0000000000000000, RDI=0x0000000000000000
R8 =0x00007f0b7d3d79cc, R9 =0x0000000000000002, R10=0xffffffffffffffb0, R11=0x00007f0b2c1aa8a0
R12=0x0000000000000000, R13=0x0000000000000043, R14=0x00007f0b2c1a87e0, R15=0x00007f0b2c1a8470
RIP=0x00007f0b7c3c1fc9, EFLAGS=0x0000000000010246, CSGSFS=0x002b000000000033, ERR=0x0000000000000004
  TRAPNO=0x000000000000000e

Top of Stack: (sp=0x00007f0b7d3d7920)
0x00007f0b7d3d7920:   00007f0b2c1a7d70 0384064000000000
0x00007f0b7d3d7930:   00007f0b2c1a8200 000006407c3c173f
0x00007f0b7d3d7940:   0000000200000000 00007f0b7d3d79cc
0x00007f0b7d3d7950:   00007f0b7d3d79c8 00007f0b7d3d79c4
0x00007f0b7d3d7960:   00007f0b7d3d79d0 0000000000000384
0x00007f0b7d3d7970:   00007f0b000005fc 00007f0b2c114d10
0x00007f0b7d3d7980:   0000000000000369 00007f0b2c1a7dc0
0x00007f0b7d3d7990:   0000000000000000 0000001b00000000
0x00007f0b7d3d79a0:   0000000000000000 00000000000005fd
0x00007f0b7d3d79b0:   000000000000001b 00000000000005fd
0x00007f0b7d3d79c0:   0000001000000000 0000000000000008
0x00007f0b7d3d79d0:   00007f0b2c1a8870 b57807a836fe9e00
0x00007f0b7d3d79e0:   0000000000000270 0000000000000640
0x00007f0b7d3d79f0:   0000000000000000 0000064000000000
0x00007f0b7d3d7a00:   00007f0b7d3d7ab0 0384064000000000
0x00007f0b7d3d7a10:   00007f0b7d3d7b20 00007f0b7c3c263f
0x00007f0b7d3d7a20:   00007f0b2c1a8200 00007f0b7c3c25f9
0x00007f0b7d3d7a30:   0000000000000000 00007f0b2c1a75f0
0x00007f0b7d3d7a40:   00007f0b2c1a39e0 b57807a836fe9e00
0x00007f0b7d3d7a50:   00007f0b7d3d7bc8 0000000000000000
0x00007f0b7d3d7a60:   00007f0b2c114d10 00007f0b7d3d7be0
0x00007f0b7d3d7a70:   0000000000000000 00007f0b2c1a8200
0x00007f0b7d3d7a80:   00007f0b00000384 00007f0b7c3c248a
0x00007f0b7d3d7a90:   00007f0b7d3d7bcc 1278b84810245489
0x00007f0b7d3d7aa0:   78b848102454894c 00007f0b7d3d0000
0x00007f0b7d3d7ab0:   0000000000000000 00007f0b7d3d7bbc
0x00007f0b7d3d7ac0:   00007f0b00000005 0000000000ff0000
0x00007f0b7d3d7ad0:   000000000000ff00 00000000000000ff
0x00007f0b7d3d7ae0:   0000010000000008 b57807a836fe9e00
0x00007f0b7d3d7af0:   0000000000000400 00007f0b341711e0
0x00007f0b7d3d7b00:   0000000000000000 00007f0b2c114d10
0x00007f0b7d3d7b10:   0000000000000000 0000000000000270 

Instructions: (pc=0x00007f0b7c3c1fc9)
0x00007f0b7c3c1fa9:   45 8c 03 45 90 89 45 a0 49 8d 44 24 01 45 31 e4
0x00007f0b7c3c1fb9:   48 89 45 98 0f 1f 00 44 89 e6 8b 55 ac 48 89 df
0x00007f0b7c3c1fc9:   ff 53 68 4d 8b 57 08 8b 4d b4 48 98 48 8b 75 c0
0x00007f0b7c3c1fd9:   49 8b 52 18 49 8b 7a 20 48 21 c2 48 21 c7 49 23 

Register to memory mapping:

RAX=0x00000000000005fd is an unknown value
RBX=0x0000000000000000 is an unknown value
RCX=0x00000000000005fd is an unknown value
RDX=0x0000000000000000 is an unknown value
RSP=0x00007f0b7d3d7920 is pointing into the stack for thread: 0x00007f0b34171000
RBP=0x00007f0b7d3d7a10 is pointing into the stack for thread: 0x00007f0b34171000
RSI=0x0000000000000000 is an unknown value
RDI=0x0000000000000000 is an unknown value
R8 =0x00007f0b7d3d79cc is pointing into the stack for thread: 0x00007f0b34171000
R9 =0x0000000000000002 is an unknown value
R10=0xffffffffffffffb0 is an unknown value
R11=0x00007f0b2c1aa8a0 is an unknown value
R12=0x0000000000000000 is an unknown value
R13=0x0000000000000043 is an unknown value
R14=0x00007f0b2c1a87e0 is an unknown value
R15=0x00007f0b2c1a8470 is an unknown value


Stack: [0x00007f0b7d2d9000,0x00007f0b7d3da000],  sp=0x00007f0b7d3d7920,  free space=1018k
Native frames: (J=compiled Java code, j=interpreted, Vv=VM code, C=native code)
C  [libawt_xawt.so+0x40fc9]
C  [libawt_xawt.so+0x4163f]
C  [libawt_xawt.so+0x38e09]  Java_sun_awt_X11_XRobotPeer_getRGBPixelsImpl+0x149
j  sun.awt.X11.XRobotPeer.getRGBPixelsImpl(Lsun/awt/X11GraphicsConfig;IIII[I)V+0
j  sun.awt.X11.XRobotPeer.getRGBPixels(Ljava/awt/Rectangle;)[I+33
j  java.awt.Robot.createScreenCapture(Ljava/awt/Rectangle;)Ljava/awt/image/BufferedImage;+50
j  org.openqa.selenium.remote.server.SnapshotScreenListener.onException(Ljava/lang/Throwable;Lorg/openqa/selenium/WebDriver;)V+39
v  ~StubRoutines::call_stub
V  [libjvm.so+0x67b49b]
V  [libjvm.so+0x96a745]
V  [libjvm.so+0x96c125]
V  [libjvm.so+0x6cb5f1]  JVM_InvokeMethod+0x111
j  sun.reflect.NativeMethodAccessorImpl.invoke0(Ljava/lang/reflect/Method;Ljava/lang/Object;[Ljava/lang/Object;)Ljava/lang/Object;+0
j  sun.reflect.NativeMethodAccessorImpl.invoke(Ljava/lang/Object;[Ljava/lang/Object;)Ljava/lang/Object;+100
J 1474 C1 sun.reflect.DelegatingMethodAccessorImpl.invoke(Ljava/lang/Object;[Ljava/lang/Object;)Ljava/lang/Object; (10 bytes) @ 0x00007f0b8149fcc4 [0x00007f0b8149fbc0+0x104]
j  java.lang.reflect.Method.invoke(Ljava/lang/Object;[Ljava/lang/Object;)Ljava/lang/Object;+56
j  org.openqa.selenium.support.events.EventFiringWebDriver$1.invoke(Ljava/lang/Object;Ljava/lang/reflect/Method;[Ljava/lang/Object;)Ljava/lang/Object;+33
j  com.sun.proxy.$Proxy0.onException(Ljava/lang/Throwable;Lorg/openqa/selenium/WebDriver;)V+20
j  org.openqa.selenium.support.events.EventFiringWebDriver$2.invoke(Ljava/lang/Object;Ljava/lang/reflect/Method;[Ljava/lang/Object;)Ljava/lang/Object;+45
j  com.sun.proxy.$Proxy1.executeAsyncScript(Ljava/lang/String;[Ljava/lang/Object;)Ljava/lang/Object;+20
j  org.openqa.selenium.support.events.EventFiringWebDriver.executeAsyncScript(Ljava/lang/String;[Ljava/lang/Object;)Ljava/lang/Object;+39
j  org.openqa.selenium.remote.server.handler.ExecuteAsyncScript.call()Ljava/lang/Object;+32
j  java.util.concurrent.FutureTask.run()V+42
j  org.openqa.selenium.remote.server.DefaultSession$1.run()V+51
j  java.util.concurrent.ThreadPoolExecutor.runWorker(Ljava/util/concurrent/ThreadPoolExecutor$Worker;)V+95
j  java.util.concurrent.ThreadPoolExecutor$Worker.run()V+5
j  java.lang.Thread.run()V+11
v  ~StubRoutines::call_stub
V  [libjvm.so+0x67b49b]
V  [libjvm.so+0x678b5b]
V  [libjvm.so+0x679147]
V  [libjvm.so+0x6bef1b]
V  [libjvm.so+0xa439c3]
V  [libjvm.so+0xa43df2]
V  [libjvm.so+0x8dfcb2]
C  [libpthread.so.0+0x77fc]  start_thread+0xdc

Java frames: (J=compiled Java code, j=interpreted, Vv=VM code)
j  sun.awt.X11.XRobotPeer.getRGBPixelsImpl(Lsun/awt/X11GraphicsConfig;IIII[I)V+0
j  sun.awt.X11.XRobotPeer.getRGBPixels(Ljava/awt/Rectangle;)[I+33
j  java.awt.Robot.createScreenCapture(Ljava/awt/Rectangle;)Ljava/awt/image/BufferedImage;+50
j  org.openqa.selenium.remote.server.SnapshotScreenListener.onException(Ljava/lang/Throwable;Lorg/openqa/selenium/WebDriver;)V+39
v  ~StubRoutines::call_stub
j  sun.reflect.NativeMethodAccessorImpl.invoke0(Ljava/lang/reflect/Method;Ljava/lang/Object;[Ljava/lang/Object;)Ljava/lang/Object;+0
j  sun.reflect.NativeMethodAccessorImpl.invoke(Ljava/lang/Object;[Ljava/lang/Object;)Ljava/lang/Object;+100
J 1474 C1 sun.reflect.DelegatingMethodAccessorImpl.invoke(Ljava/lang/Object;[Ljava/lang/Object;)Ljava/lang/Object; (10 bytes) @ 0x00007f0b8149fcc4 [0x00007f0b8149fbc0+0x104]
j  java.lang.reflect.Method.invoke(Ljava/lang/Object;[Ljava/lang/Object;)Ljava/lang/Object;+56
j  org.openqa.selenium.support.events.EventFiringWebDriver$1.invoke(Ljava/lang/Object;Ljava/lang/reflect/Method;[Ljava/lang/Object;)Ljava/lang/Object;+33
j  com.sun.proxy.$Proxy0.onException(Ljava/lang/Throwable;Lorg/openqa/selenium/WebDriver;)V+20
j  org.openqa.selenium.support.events.EventFiringWebDriver$2.invoke(Ljava/lang/Object;Ljava/lang/reflect/Method;[Ljava/lang/Object;)Ljava/lang/Object;+45
j  com.sun.proxy.$Proxy1.executeAsyncScript(Ljava/lang/String;[Ljava/lang/Object;)Ljava/lang/Object;+20
j  org.openqa.selenium.support.events.EventFiringWebDriver.executeAsyncScript(Ljava/lang/String;[Ljava/lang/Object;)Ljava/lang/Object;+39
j  org.openqa.selenium.remote.server.handler.ExecuteAsyncScript.call()Ljava/lang/Object;+32
j  java.util.concurrent.FutureTask.run()V+42
j  org.openqa.selenium.remote.server.DefaultSession$1.run()V+51
j  java.util.concurrent.ThreadPoolExecutor.runWorker(Ljava/util/concurrent/ThreadPoolExecutor$Worker;)V+95
j  java.util.concurrent.ThreadPoolExecutor$Worker.run()V+5
j  java.lang.Thread.run()V+11
v  ~StubRoutines::call_stub

---------------  P R O C E S S  ---------------

Java Threads: ( => current thread )
  0x00007f0b2c177800 JavaThread "process reaper" daemon [_thread_blocked, id=4377, stack(0x00007f0b7c01f000,0x00007f0b7c058000)]
  0x00007f0b2c16e000 JavaThread "AWT-XAWT" daemon [_thread_blocked, id=4375, stack(0x00007f0b16fa1000,0x00007f0b170a2000)]
  0x00007f0b2c14d000 JavaThread "Java2D Disposer" daemon [_thread_blocked, id=4374, stack(0x00007f0b7c058000,0x00007f0b7c159000)]
  0x00007f0b20036000 JavaThread "Exec Stream Pumper" daemon [_thread_in_native, id=4160, stack(0x00007f0b7caa9000,0x00007f0b7cbaa000)]
  0x00007f0b20035800 JavaThread "Exec Stream Pumper" daemon [_thread_in_native, id=4159, stack(0x00007f0b7cbaa000,0x00007f0b7ccab000)]
  0x00007f0b20032800 JavaThread "process reaper" daemon [_thread_in_native, id=4158, stack(0x00007f0b94001000,0x00007f0b9403a000)]
  0x00007f0b2c0ad000 JavaThread "UrlChecker-2" daemon [_thread_blocked, id=4156, stack(0x00007f0b7ccab000,0x00007f0b7cdac000)]
  0x00007f0b2c0ab800 JavaThread "Exec Default Executor" daemon [_thread_blocked, id=4155, stack(0x00007f0b7cdac000,0x00007f0b7cead000)]
=>0x00007f0b34171000 JavaThread "Session 057af4e0-1811-43ae-97dc-475bad667394 processing inside browser" [_thread_in_native, id=4154, stack(0x00007f0b7d2d9000,0x00007f0b7d3da000)]
  0x00007f0b34140000 JavaThread "DriverServlet Session Cleaner" [_thread_blocked, id=4153, stack(0x00007f0b7d5da000,0x00007f0b7d6db000)]
  0x00007f0b9000a800 JavaThread "DestroyJavaVM" [_thread_blocked, id=4134, stack(0x00007f0b998f7000,0x00007f0b999f8000)]
  0x00007f0b90419800 JavaThread "SocketListener0-1" [_thread_blocked, id=4152, stack(0x00007f0b7d6db000,0x00007f0b7d7dc000)]
  0x00007f0b90418000 JavaThread "SocketListener0-0" [_thread_blocked, id=4151, stack(0x00007f0b7d7dc000,0x00007f0b7d8dd000)]
  0x00007f0b90416000 JavaThread "Acceptor ServerSocket[addr=0.0.0.0/0.0.0.0,localport=53889]" [_thread_in_native, id=4150, stack(0x00007f0b7d8dd000,0x00007f0b7d9de000)]
  0x00007f0b90412800 JavaThread "SessionScavenger" daemon [_thread_blocked, id=4149, stack(0x00007f0b7d9de000,0x00007f0b7dadf000)]
  0x00007f0b903e7800 JavaThread "Timer-0" daemon [_thread_blocked, id=4148, stack(0x00007f0b7dcf2000,0x00007f0b7ddf3000)]
  0x00007f0b90189000 JavaThread "Service Thread" daemon [_thread_blocked, id=4146, stack(0x00007f0b7e256000,0x00007f0b7e357000)]
  0x00007f0b90179800 JavaThread "C1 CompilerThread2" daemon [_thread_blocked, id=4145, stack(0x00007f0b7e357000,0x00007f0b7e458000)]
  0x00007f0b90178000 JavaThread "C2 CompilerThread1" daemon [_thread_blocked, id=4144, stack(0x00007f0b7e458000,0x00007f0b7e559000)]
  0x00007f0b90175000 JavaThread "C2 CompilerThread0" daemon [_thread_blocked, id=4143, stack(0x00007f0b7e559000,0x00007f0b7e65a000)]
  0x00007f0b90173000 JavaThread "Signal Dispatcher" daemon [_thread_blocked, id=4142, stack(0x00007f0b7e65a000,0x00007f0b7e75b000)]
  0x00007f0b9014b800 JavaThread "Finalizer" daemon [_thread_blocked, id=4141, stack(0x00007f0b7ea39000,0x00007f0b7eb3a000)]
  0x00007f0b90147000 JavaThread "Reference Handler" daemon [_thread_blocked, id=4140, stack(0x00007f0b7eb3a000,0x00007f0b7ec3b000)]

Other Threads:
  0x00007f0b9013f800 VMThread [stack: 0x00007f0b7ec3b000,0x00007f0b7ed3c000] [id=4139]
  0x00007f0b9018b800 WatcherThread [stack: 0x00007f0b7e155000,0x00007f0b7e256000] [id=4147]

VM state:not at safepoint (normal execution)

VM Mutex/Monitor currently owned by a thread: None

Heap:
 PSYoungGen      total 18432K, used 17284K [0x00000000eb800000, 0x00000000edc00000, 0x0000000100000000)
  eden space 15872K, 92% used [0x00000000eb800000,0x00000000ec669198,0x00000000ec780000)
  from space 2560K, 98% used [0x00000000ec780000,0x00000000ec9f8040,0x00000000eca00000)
  to   space 2560K, 0% used [0x00000000ed980000,0x00000000ed980000,0x00000000edc00000)
 ParOldGen       total 42496K, used 6268K [0x00000000c2800000, 0x00000000c5180000, 0x00000000eb800000)
  object space 42496K, 14% used [0x00000000c2800000,0x00000000c2e1f1a8,0x00000000c5180000)
 Metaspace       used 16516K, capacity 16852K, committed 17280K, reserved 1064960K
  class space    used 1968K, capacity 2058K, committed 2176K, reserved 1048576K

Card table byte_map: [0x00007f0b95d12000,0x00007f0b95eff000] byte_map_base: 0x00007f0b956fe000

Marking Bits: (ParMarkBitMap*) 0x00007f0b98b9f0e0
 Begin Bits: [0x00007f0b7f140000, 0x00007f0b800a0000)
 End Bits:   [0x00007f0b800a0000, 0x00007f0b81000000)

Polling page: 0x00007f0b99a0f000

CodeCache: size=245760Kb used=4530Kb max_used=4878Kb free=241229Kb
 bounds [0x00007f0b81000000, 0x00007f0b814e0000, 0x00007f0b90000000]
 total_blobs=1851 nmethods=1363 adapters=402
 compilation: enabled

Compilation events (10 events):
Event: 18.167 Thread 0x00007f0b90179800 1510       3       java.util.HashMap::<init> (98 bytes)
Event: 18.168 Thread 0x00007f0b90179800 nmethod 1510 0x00007f0b812efc50 code [0x00007f0b812eff00, 0x00007f0b812f1218]
Event: 18.171 Thread 0x00007f0b90179800 1511       3       sun.nio.cs.UTF_8$Decoder::decodeArrayLoop (691 bytes)
Event: 18.178 Thread 0x00007f0b90179800 nmethod 1511 0x00007f0b814c5850 code [0x00007f0b814c61c0, 0x00007f0b814cc988]
Event: 18.183 Thread 0x00007f0b90179800 1512       3       java.util.concurrent.locks.ReentrantLock::lock (8 bytes)
Event: 18.183 Thread 0x00007f0b90179800 nmethod 1512 0x00007f0b81116e90 code [0x00007f0b81117000, 0x00007f0b81117228]
Event: 18.184 Thread 0x00007f0b90179800 1513       3       java.util.concurrent.locks.ReentrantLock$NonfairSync::lock (25 bytes)
Event: 18.184 Thread 0x00007f0b90175000 1514       4       java.util.AbstractList::<init> (10 bytes)
Event: 18.184 Thread 0x00007f0b90179800 nmethod 1513 0x00007f0b81258bd0 code [0x00007f0b81258da0, 0x00007f0b812595f8]
Event: 18.184 Thread 0x00007f0b90175000 nmethod 1514 0x00007f0b81393050 code [0x00007f0b813931a0, 0x00007f0b813931f8]

GC Heap History (6 events):
Event: 0.363 GC heap before
{Heap before GC invocations=1 (full 0):
 PSYoungGen      total 18432K, used 15872K [0x00000000eb800000, 0x00000000ecc80000, 0x0000000100000000)
  eden space 15872K, 100% used [0x00000000eb800000,0x00000000ec780000,0x00000000ec780000)
  from space 2560K, 0% used [0x00000000eca00000,0x00000000eca00000,0x00000000ecc80000)
  to   space 2560K, 0% used [0x00000000ec780000,0x00000000ec780000,0x00000000eca00000)
 ParOldGen       total 42496K, used 0K [0x00000000c2800000, 0x00000000c5180000, 0x00000000eb800000)
  object space 42496K, 0% used [0x00000000c2800000,0x00000000c2800000,0x00000000c5180000)
 Metaspace       used 8049K, capacity 8086K, committed 8192K, reserved 1056768K
  class space    used 924K, capacity 945K, committed 1024K, reserved 1048576K
Event: 0.367 GC heap after
Heap after GC invocations=1 (full 0):
 PSYoungGen      total 18432K, used 2531K [0x00000000eb800000, 0x00000000ecc80000, 0x0000000100000000)
  eden space 15872K, 0% used [0x00000000eb800000,0x00000000eb800000,0x00000000ec780000)
  from space 2560K, 98% used [0x00000000ec780000,0x00000000ec9f8da8,0x00000000eca00000)
  to   space 2560K, 0% used [0x00000000eca00000,0x00000000eca00000,0x00000000ecc80000)
 ParOldGen       total 42496K, used 1363K [0x00000000c2800000, 0x00000000c5180000, 0x00000000eb800000)
  object space 42496K, 3% used [0x00000000c2800000,0x00000000c2954ef0,0x00000000c5180000)
 Metaspace       used 8049K, capacity 8086K, committed 8192K, reserved 1056768K
  class space    used 924K, capacity 945K, committed 1024K, reserved 1048576K
}
Event: 0.590 GC heap before
{Heap before GC invocations=2 (full 0):
 PSYoungGen      total 18432K, used 18403K [0x00000000eb800000, 0x00000000ecc80000, 0x0000000100000000)
  eden space 15872K, 100% used [0x00000000eb800000,0x00000000ec780000,0x00000000ec780000)
  from space 2560K, 98% used [0x00000000ec780000,0x00000000ec9f8da8,0x00000000eca00000)
  to   space 2560K, 0% used [0x00000000eca00000,0x00000000eca00000,0x00000000ecc80000)
 ParOldGen       total 42496K, used 1363K [0x00000000c2800000, 0x00000000c5180000, 0x00000000eb800000)
  object space 42496K, 3% used [0x00000000c2800000,0x00000000c2954ef0,0x00000000c5180000)
 Metaspace       used 11205K, capacity 11354K, committed 11520K, reserved 1058816K
  class space    used 1336K, capacity 1409K, committed 1536K, reserved 1048576K
Event: 0.594 GC heap after
Heap after GC invocations=2 (full 0):
 PSYoungGen      total 18432K, used 2528K [0x00000000eb800000, 0x00000000edc00000, 0x0000000100000000)
  eden space 15872K, 0% used [0x00000000eb800000,0x00000000eb800000,0x00000000ec780000)
  from space 2560K, 98% used [0x00000000eca00000,0x00000000ecc78030,0x00000000ecc80000)
  to   space 2560K, 0% used [0x00000000ec780000,0x00000000ec780000,0x00000000eca00000)
 ParOldGen       total 42496K, used 3515K [0x00000000c2800000, 0x00000000c5180000, 0x00000000eb800000)
  object space 42496K, 8% used [0x00000000c2800000,0x00000000c2b6efa0,0x00000000c5180000)
 Metaspace       used 11205K, capacity 11354K, committed 11520K, reserved 1058816K
  class space    used 1336K, capacity 1409K, committed 1536K, reserved 1048576K
}
Event: 2.884 GC heap before
{Heap before GC invocations=3 (full 0):
 PSYoungGen      total 18432K, used 18400K [0x00000000eb800000, 0x00000000edc00000, 0x0000000100000000)
  eden space 15872K, 100% used [0x00000000eb800000,0x00000000ec780000,0x00000000ec780000)
  from space 2560K, 98% used [0x00000000eca00000,0x00000000ecc78030,0x00000000ecc80000)
  to   space 2560K, 0% used [0x00000000ec780000,0x00000000ec780000,0x00000000eca00000)
 ParOldGen       total 42496K, used 3515K [0x00000000c2800000, 0x00000000c5180000, 0x00000000eb800000)
  object space 42496K, 8% used [0x00000000c2800000,0x00000000c2b6efa0,0x00000000c5180000)
 Metaspace       used 14273K, capacity 14574K, committed 14720K, reserved 1062912K
  class space    used 1753K, capacity 1885K, committed 1920K, reserved 1048576K
Event: 2.902 GC heap after
Heap after GC invocations=3 (full 0):
 PSYoungGen      total 18432K, used 2528K [0x00000000eb800000, 0x00000000edc00000, 0x0000000100000000)
  eden space 15872K, 0% used [0x00000000eb800000,0x00000000eb800000,0x00000000ec780000)
  from space 2560K, 98% used [0x00000000ec780000,0x00000000ec9f8040,0x00000000eca00000)
  to   space 2560K, 0% used [0x00000000ed980000,0x00000000ed980000,0x00000000edc00000)
 ParOldGen       total 42496K, used 6268K [0x00000000c2800000, 0x00000000c5180000, 0x00000000eb800000)
  object space 42496K, 14% used [0x00000000c2800000,0x00000000c2e1f1a8,0x00000000c5180000)
 Metaspace       used 14273K, capacity 14574K, committed 14720K, reserved 1062912K
  class space    used 1753K, capacity 1885K, committed 1920K, reserved 1048576K
}

Deoptimization events (10 events):
Event: 1.493 Thread 0x00007f0b34171000 Uncommon trap: reason=class_check action=maybe_recompile pc=0x00007f0b81282ba0 method=java.util.HashMap.putVal(ILjava/lang/Object;Ljava/lang/Object;ZZ)Ljava/lang/Object; @ 203
Event: 1.493 Thread 0x00007f0b34171000 Uncommon trap: reason=class_check action=maybe_recompile pc=0x00007f0b81282ba0 method=java.util.HashMap.putVal(ILjava/lang/Object;Ljava/lang/Object;ZZ)Ljava/lang/Object; @ 203
Event: 1.498 Thread 0x00007f0b34171000 Uncommon trap: reason=unstable_if action=reinterpret pc=0x00007f0b812ee898 method=java.util.HashMap.getNode(ILjava/lang/Object;)Ljava/util/HashMap$Node; @ 62
Event: 1.498 Thread 0x00007f0b34171000 Uncommon trap: reason=unstable_if action=reinterpret pc=0x00007f0b81257a60 method=java.util.HashMap.getNode(ILjava/lang/Object;)Ljava/util/HashMap$Node; @ 62
Event: 1.498 Thread 0x00007f0b34171000 Uncommon trap: reason=class_check action=maybe_recompile pc=0x00007f0b81282ba0 method=java.util.HashMap.putVal(ILjava/lang/Object;Ljava/lang/Object;ZZ)Ljava/lang/Object; @ 203
Event: 1.510 Thread 0x00007f0b34171000 Uncommon trap: reason=class_check action=maybe_recompile pc=0x00007f0b81282ba0 method=java.util.HashMap.putVal(ILjava/lang/Object;Ljava/lang/Object;ZZ)Ljava/lang/Object; @ 203
Event: 1.525 Thread 0x00007f0b90419800 Uncommon trap: reason=unstable_if action=reinterpret pc=0x00007f0b812cf1e0 method=java.io.ByteArrayInputStream.read([BII)I @ 63
Event: 18.110 Thread 0x00007f0b34171000 Uncommon trap: reason=bimorphic action=maybe_recompile pc=0x00007f0b813262e8 method=java.util.Properties$LineReader.readLine()I @ 62
Event: 18.110 Thread 0x00007f0b34171000 Uncommon trap: reason=bimorphic action=maybe_recompile pc=0x00007f0b813262e8 method=java.util.Properties$LineReader.readLine()I @ 62
Event: 18.127 Thread 0x00007f0b34171000 Uncommon trap: reason=unstable_if action=reinterpret pc=0x00007f0b813168f4 method=java.io.BufferedReader.readLine(Z)Ljava/lang/String; @ 55

Internal exceptions (10 events):
Event: 0.712 Thread 0x00007f0b2c0ab800 Exception <a 'java/lang/NoSuchFieldError': method resolution failed> (0x00000000ec1c37b8) thrown at [/build/openjdk-8-bnv6fG/openjdk-8-8u151-b12/src/hotspot/src/share/vm/prims/methodHandles.cpp, line 1146]
Event: 0.714 Thread 0x00007f0b2c0ab800 Exception <a 'java/lang/NoSuchFieldError': method resolution failed> (0x00000000ec1d0c90) thrown at [/build/openjdk-8-bnv6fG/openjdk-8-8u151-b12/src/hotspot/src/share/vm/prims/methodHandles.cpp, line 1146]
Event: 0.731 Thread 0x00007f0b2c0ad000 Exception <a 'java/net/ConnectException'> (0x00000000ec2647e0) thrown at [/build/openjdk-8-bnv6fG/openjdk-8-8u151-b12/src/hotspot/src/share/vm/prims/jni.cpp, line 709]
Event: 0.747 Thread 0x00007f0b34171000 Exception <a 'java/lang/ArrayIndexOutOfBoundsException': 18> (0x00000000ec2e5a50) thrown at [/build/openjdk-8-bnv6fG/openjdk-8-8u151-b12/src/hotspot/src/share/vm/interpreter/interpreterRuntime.cpp, line 366]
Event: 0.747 Thread 0x00007f0b34171000 Exception <a 'java/lang/ArrayIndexOutOfBoundsException': 90> (0x00000000ec2e7048) thrown at [/build/openjdk-8-bnv6fG/openjdk-8-8u151-b12/src/hotspot/src/share/vm/interpreter/interpreterRuntime.cpp, line 366]
Event: 0.748 Thread 0x00007f0b34171000 Exception <a 'java/lang/ArrayIndexOutOfBoundsException': 105> (0x00000000ec2e8df8) thrown at [/build/openjdk-8-bnv6fG/openjdk-8-8u151-b12/src/hotspot/src/share/vm/interpreter/interpreterRuntime.cpp, line 366]
Event: 0.748 Thread 0x00007f0b34171000 Exception <a 'java/lang/ArrayIndexOutOfBoundsException': 60> (0x00000000ec2ea038) thrown at [/build/openjdk-8-bnv6fG/openjdk-8-8u151-b12/src/hotspot/src/share/vm/interpreter/interpreterRuntime.cpp, line 366]
Event: 18.104 Thread 0x00007f0b34171000 Exception <a 'java/lang/reflect/InvocationTargetException'> (0x00000000ebff4550) thrown at [/build/openjdk-8-bnv6fG/openjdk-8-8u151-b12/src/hotspot/src/share/vm/runtime/reflection.cpp, line 1092]
Event: 18.110 Thread 0x00007f0b34171000 Exception <a 'java/io/FileNotFoundException'> (0x00000000ebffa7c8) thrown at [/build/openjdk-8-bnv6fG/openjdk-8-8u151-b12/src/hotspot/src/share/vm/prims/jni.cpp, line 709]
Event: 18.126 Thread 0x00007f0b34171000 Exception <a 'java/lang/ClassNotFoundException': sun/dc/DuctusRenderingEngine> (0x00000000ec013e08) thrown at [/build/openjdk-8-bnv6fG/openjdk-8-8u151-b12/src/hotspot/src/share/vm/classfile/systemDictionary.cpp, line 210]

Events (10 events):
Event: 18.184 loading class sun/awt/AWTAccessor$InputEventAccessor done
Event: 18.184 loading class java/awt/event/InputEvent$1 done
Event: 18.185 loading class java/awt/Robot$RobotDisposer
Event: 18.185 loading class java/awt/Robot$RobotDisposer done
Event: 18.185 loading class sun/java2d/opengl/OGLRenderQueue
Event: 18.185 loading class sun/java2d/pipe/RenderQueue
Event: 18.185 loading class sun/java2d/pipe/RenderQueue done
Event: 18.185 loading class sun/java2d/opengl/OGLRenderQueue done
Event: 18.188 loading class sun/awt/X11/XErrorEvent
Event: 18.188 loading class sun/awt/X11/XErrorEvent done


Dynamic libraries:
c2800000-c5180000 rw-p 00000000 00:00 0 
c5180000-eb800000 ---p 00000000 00:00 0 
eb800000-edc00000 rw-p 00000000 00:00 0 
edc00000-100000000 ---p 00000000 00:00 0 
100000000-100220000 rw-p 00000000 00:00 0 
100220000-140000000 ---p 00000000 00:00 0 
56289fac1000-56289fac2000 r-xp 00000000 08:06 2001149                    /usr/lib/jvm/java-8-openjdk-amd64/jre/bin/java
56289fcc1000-56289fcc2000 r--p 00000000 08:06 2001149                    /usr/lib/jvm/java-8-openjdk-amd64/jre/bin/java
56289fcc2000-56289fcc3000 rw-p 00001000 08:06 2001149                    /usr/lib/jvm/java-8-openjdk-amd64/jre/bin/java
5628a0a90000-5628a0ab1000 rw-p 00000000 00:00 0                          [heap]
7f0b04000000-7f0b04021000 rw-p 00000000 00:00 0 
7f0b04021000-7f0b08000000 ---p 00000000 00:00 0 
7f0b08000000-7f0b08021000 rw-p 00000000 00:00 0 
7f0b08021000-7f0b0c000000 ---p 00000000 00:00 0 
7f0b0c000000-7f0b0c021000 rw-p 00000000 00:00 0 
7f0b0c021000-7f0b10000000 ---p 00000000 00:00 0 
7f0b10000000-7f0b10021000 rw-p 00000000 00:00 0 
7f0b10021000-7f0b14000000 ---p 00000000 00:00 0 
7f0b1474a000-7f0b14cc9000 rw-p 00000000 00:00 0 
7f0b14cc9000-7f0b14cdd000 r-xp 00000000 08:06 1582087                    /lib/x86_64-linux-gnu/libgpg-error.so.0.22.0
7f0b14cdd000-7f0b14edc000 ---p 00014000 08:06 1582087                    /lib/x86_64-linux-gnu/libgpg-error.so.0.22.0
7f0b14edc000-7f0b14edd000 r--p 00013000 08:06 1582087                    /lib/x86_64-linux-gnu/libgpg-error.so.0.22.0
7f0b14edd000-7f0b14ede000 rw-p 00014000 08:06 1582087                    /lib/x86_64-linux-gnu/libgpg-error.so.0.22.0
7f0b14ede000-7f0b14f03000 r-xp 00000000 08:06 1582194                    /lib/x86_64-linux-gnu/libselinux.so.1
7f0b14f03000-7f0b15102000 ---p 00025000 08:06 1582194                    /lib/x86_64-linux-gnu/libselinux.so.1
7f0b15102000-7f0b15103000 r--p 00024000 08:06 1582194                    /lib/x86_64-linux-gnu/libselinux.so.1
7f0b15103000-7f0b15104000 rw-p 00025000 08:06 1582194                    /lib/x86_64-linux-gnu/libselinux.so.1
7f0b15104000-7f0b15106000 rw-p 00000000 00:00 0 
7f0b15106000-7f0b1511d000 r-xp 00000000 08:06 1972722                    /usr/lib/x86_64-linux-gnu/liblz4.so.1.7.1
7f0b1511d000-7f0b1531c000 ---p 00017000 08:06 1972722                    /usr/lib/x86_64-linux-gnu/liblz4.so.1.7.1
7f0b1531c000-7f0b1531d000 r--p 00016000 08:06 1972722                    /usr/lib/x86_64-linux-gnu/liblz4.so.1.7.1
7f0b1531d000-7f0b1531e000 rw-p 00017000 08:06 1972722                    /usr/lib/x86_64-linux-gnu/liblz4.so.1.7.1
7f0b1531e000-7f0b15342000 r-xp 00000000 08:06 1582106                    /lib/x86_64-linux-gnu/liblzma.so.5.2.2
7f0b15342000-7f0b15542000 ---p 00024000 08:06 1582106                    /lib/x86_64-linux-gnu/liblzma.so.5.2.2
7f0b15542000-7f0b15543000 r--p 00024000 08:06 1582106                    /lib/x86_64-linux-gnu/liblzma.so.5.2.2
7f0b15543000-7f0b15544000 rw-p 00025000 08:06 1582106                    /lib/x86_64-linux-gnu/liblzma.so.5.2.2
7f0b15544000-7f0b1564a000 r-xp 00000000 08:06 1582083                    /lib/x86_64-linux-gnu/libgcrypt.so.20.1.8
7f0b1564a000-7f0b15849000 ---p 00106000 08:06 1582083                    /lib/x86_64-linux-gnu/libgcrypt.so.20.1.8
7f0b15849000-7f0b1584b000 r--p 00105000 08:06 1582083                    /lib/x86_64-linux-gnu/libgcrypt.so.20.1.8
7f0b1584b000-7f0b15851000 rw-p 00107000 08:06 1582083                    /lib/x86_64-linux-gnu/libgcrypt.so.20.1.8
7f0b15851000-7f0b15852000 rw-p 00000000 00:00 0 
7f0b15852000-7f0b158d3000 r-xp 00000000 08:06 1582204                    /lib/x86_64-linux-gnu/libsystemd.so.0.19.0
7f0b158d3000-7f0b15ad2000 ---p 00081000 08:06 1582204                    /lib/x86_64-linux-gnu/libsystemd.so.0.19.0
7f0b15ad2000-7f0b15ad5000 r--p 00080000 08:06 1582204                    /lib/x86_64-linux-gnu/libsystemd.so.0.19.0
7f0b15ad5000-7f0b15ad6000 rw-p 00083000 08:06 1582204                    /lib/x86_64-linux-gnu/libsystemd.so.0.19.0
7f0b15ad6000-7f0b15ad7000 rw-p 00000000 00:00 0 
7f0b15ad7000-7f0b15b47000 r-xp 00000000 08:06 1582167                    /lib/x86_64-linux-gnu/libpcre.so.3.13.3
7f0b15b47000-7f0b15d47000 ---p 00070000 08:06 1582167                    /lib/x86_64-linux-gnu/libpcre.so.3.13.3
7f0b15d47000-7f0b15d48000 r--p 00070000 08:06 1582167                    /lib/x86_64-linux-gnu/libpcre.so.3.13.3
7f0b15d48000-7f0b15d49000 rw-p 00071000 08:06 1582167                    /lib/x86_64-linux-gnu/libpcre.so.3.13.3
7f0b15d49000-7f0b15d50000 r-xp 00000000 08:06 1972330                    /usr/lib/x86_64-linux-gnu/libffi.so.6.0.4
7f0b15d50000-7f0b15f4f000 ---p 00007000 08:06 1972330                    /usr/lib/x86_64-linux-gnu/libffi.so.6.0.4
7f0b15f4f000-7f0b15f50000 r--p 00006000 08:06 1972330                    /usr/lib/x86_64-linux-gnu/libffi.so.6.0.4
7f0b15f50000-7f0b15f51000 rw-p 00007000 08:06 1972330                    /usr/lib/x86_64-linux-gnu/libffi.so.6.0.4
7f0b15f51000-7f0b15f9b000 r-xp 00000000 08:06 1582059                    /lib/x86_64-linux-gnu/libdbus-1.so.3.14.13
7f0b15f9b000-7f0b1619b000 ---p 0004a000 08:06 1582059                    /lib/x86_64-linux-gnu/libdbus-1.so.3.14.13
7f0b1619b000-7f0b1619c000 r--p 0004a000 08:06 1582059                    /lib/x86_64-linux-gnu/libdbus-1.so.3.14.13
7f0b1619c000-7f0b1619d000 rw-p 0004b000 08:06 1582059                    /lib/x86_64-linux-gnu/libdbus-1.so.3.14.13
7f0b1619d000-7f0b161c9000 r-xp 00000000 08:06 1972088                    /usr/lib/x86_64-linux-gnu/libatspi.so.0.0.1
7f0b161c9000-7f0b163c9000 ---p 0002c000 08:06 1972088                    /usr/lib/x86_64-linux-gnu/libatspi.so.0.0.1
7f0b163c9000-7f0b163cc000 r--p 0002c000 08:06 1972088                    /usr/lib/x86_64-linux-gnu/libatspi.so.0.0.1
7f0b163cc000-7f0b163cd000 rw-p 0002f000 08:06 1972088                    /usr/lib/x86_64-linux-gnu/libatspi.so.0.0.1
7f0b163cd000-7f0b164de000 r-xp 00000000 08:06 1582085                    /lib/x86_64-linux-gnu/libglib-2.0.so.0.5400.1
7f0b164de000-7f0b166de000 ---p 00111000 08:06 1582085                    /lib/x86_64-linux-gnu/libglib-2.0.so.0.5400.1
7f0b166de000-7f0b166df000 r--p 00111000 08:06 1582085                    /lib/x86_64-linux-gnu/libglib-2.0.so.0.5400.1
7f0b166df000-7f0b166e0000 rw-p 00112000 08:06 1582085                    /lib/x86_64-linux-gnu/libglib-2.0.so.0.5400.1
7f0b166e0000-7f0b166e1000 rw-p 00000000 00:00 0 
7f0b166e1000-7f0b16733000 r-xp 00000000 08:06 1972476                    /usr/lib/x86_64-linux-gnu/libgobject-2.0.so.0.5400.1
7f0b16733000-7f0b16933000 ---p 00052000 08:06 1972476                    /usr/lib/x86_64-linux-gnu/libgobject-2.0.so.0.5400.1
7f0b16933000-7f0b16934000 r--p 00052000 08:06 1972476                    /usr/lib/x86_64-linux-gnu/libgobject-2.0.so.0.5400.1
7f0b16934000-7f0b16935000 rw-p 00053000 08:06 1972476                    /usr/lib/x86_64-linux-gnu/libgobject-2.0.so.0.5400.1
7f0b16935000-7f0b16962000 r-xp 00000000 08:06 1972084                    /usr/lib/x86_64-linux-gnu/libatk-bridge-2.0.so.0.0.0
7f0b16962000-7f0b16b61000 ---p 0002d000 08:06 1972084                    /usr/lib/x86_64-linux-gnu/libatk-bridge-2.0.so.0.0.0
7f0b16b61000-7f0b16b62000 r--p 0002c000 08:06 1972084                    /usr/lib/x86_64-linux-gnu/libatk-bridge-2.0.so.0.0.0
7f0b16b62000-7f0b16b64000 rw-p 0002d000 08:06 1972084                    /usr/lib/x86_64-linux-gnu/libatk-bridge-2.0.so.0.0.0
7f0b16b64000-7f0b16b87000 r-xp 00000000 08:06 1972082                    /usr/lib/x86_64-linux-gnu/libatk-1.0.so.0.22609.1
7f0b16b87000-7f0b16d86000 ---p 00023000 08:06 1972082                    /usr/lib/x86_64-linux-gnu/libatk-1.0.so.0.22609.1
7f0b16d86000-7f0b16d89000 r--p 00022000 08:06 1972082                    /usr/lib/x86_64-linux-gnu/libatk-1.0.so.0.22609.1
7f0b16d89000-7f0b16d8a000 rw-p 00025000 08:06 1972082                    /usr/lib/x86_64-linux-gnu/libatk-1.0.so.0.22609.1
7f0b16d8a000-7f0b16da0000 r-xp 00000000 08:06 2133264                    /usr/lib/x86_64-linux-gnu/jni/libatk-wrapper.so.6.0.0
7f0b16da0000-7f0b16f9f000 ---p 00016000 08:06 2133264                    /usr/lib/x86_64-linux-gnu/jni/libatk-wrapper.so.6.0.0
7f0b16f9f000-7f0b16fa0000 r--p 00015000 08:06 2133264                    /usr/lib/x86_64-linux-gnu/jni/libatk-wrapper.so.6.0.0
7f0b16fa0000-7f0b16fa1000 rw-p 00016000 08:06 2133264                    /usr/lib/x86_64-linux-gnu/jni/libatk-wrapper.so.6.0.0
7f0b16fa1000-7f0b16fa4000 ---p 00000000 00:00 0 
7f0b16fa4000-7f0b170a2000 rw-p 00000000 00:00 0 
7f0b170a2000-7f0b170a7000 r-xp 00000000 08:06 1972010                    /usr/lib/x86_64-linux-gnu/libXfixes.so.3.1.0
7f0b170a7000-7f0b172a6000 ---p 00005000 08:06 1972010                    /usr/lib/x86_64-linux-gnu/libXfixes.so.3.1.0
7f0b172a6000-7f0b172a7000 r--p 00004000 08:06 1972010                    /usr/lib/x86_64-linux-gnu/libXfixes.so.3.1.0
7f0b172a7000-7f0b172a8000 rw-p 00005000 08:06 1972010                    /usr/lib/x86_64-linux-gnu/libXfixes.so.3.1.0
7f0b172a8000-7f0b172b1000 r-xp 00000000 08:06 1972002                    /usr/lib/x86_64-linux-gnu/libXcursor.so.1.0.2
7f0b172b1000-7f0b174b0000 ---p 00009000 08:06 1972002                    /usr/lib/x86_64-linux-gnu/libXcursor.so.1.0.2
7f0b174b0000-7f0b174b1000 r--p 00008000 08:06 1972002                    /usr/lib/x86_64-linux-gnu/libXcursor.so.1.0.2
7f0b174b1000-7f0b174b2000 rw-p 00009000 08:06 1972002                    /usr/lib/x86_64-linux-gnu/libXcursor.so.1.0.2
7f0b174b2000-7f0b17572000 rw-p 00000000 00:00 0 
7f0b17572000-7f0b176b2000 ---p 00000000 00:00 0 
7f0b176b2000-7f0b176e3000 r-xp 00000000 08:06 1972881                    /usr/lib/x86_64-linux-gnu/libpng16.so.16.34.0
7f0b176e3000-7f0b178e2000 ---p 00031000 08:06 1972881                    /usr/lib/x86_64-linux-gnu/libpng16.so.16.34.0
7f0b178e2000-7f0b178e3000 r--p 00030000 08:06 1972881                    /usr/lib/x86_64-linux-gnu/libpng16.so.16.34.0
7f0b178e3000-7f0b178e4000 rw-p 00031000 08:06 1972881                    /usr/lib/x86_64-linux-gnu/libpng16.so.16.34.0
7f0b178e4000-7f0b17990000 r-xp 00000000 08:06 1967388                    /usr/lib/x86_64-linux-gnu/libfreetype.so.6.14.0
7f0b17990000-7f0b17b8f000 ---p 000ac000 08:06 1967388                    /usr/lib/x86_64-linux-gnu/libfreetype.so.6.14.0
7f0b17b8f000-7f0b17b96000 r--p 000ab000 08:06 1967388                    /usr/lib/x86_64-linux-gnu/libfreetype.so.6.14.0
7f0b17b96000-7f0b17b97000 rw-p 000b2000 08:06 1967388                    /usr/lib/x86_64-linux-gnu/libfreetype.so.6.14.0
7f0b17b97000-7f0b17be8000 r-xp 00000000 08:06 2001169                    /usr/lib/jvm/java-8-openjdk-amd64/jre/lib/amd64/libfontmanager.so
7f0b17be8000-7f0b17de8000 ---p 00051000 08:06 2001169                    /usr/lib/jvm/java-8-openjdk-amd64/jre/lib/amd64/libfontmanager.so
7f0b17de8000-7f0b17dea000 r--p 00051000 08:06 2001169                    /usr/lib/jvm/java-8-openjdk-amd64/jre/lib/amd64/libfontmanager.so
7f0b17dea000-7f0b17deb000 rw-p 00053000 08:06 2001169                    /usr/lib/jvm/java-8-openjdk-amd64/jre/lib/amd64/libfontmanager.so
7f0b17deb000-7f0b17dfe000 r-xp 00000000 08:06 1582039                    /lib/x86_64-linux-gnu/libbsd.so.0.8.6
7f0b17dfe000-7f0b17ffd000 ---p 00013000 08:06 1582039                    /lib/x86_64-linux-gnu/libbsd.so.0.8.6
7f0b17ffd000-7f0b17ffe000 r--p 00012000 08:06 1582039                    /lib/x86_64-linux-gnu/libbsd.so.0.8.6
7f0b17ffe000-7f0b17fff000 rw-p 00013000 08:06 1582039                    /lib/x86_64-linux-gnu/libbsd.so.0.8.6
7f0b17fff000-7f0b18000000 rw-p 00000000 00:00 0 
7f0b18000000-7f0b18021000 rw-p 00000000 00:00 0 
7f0b18021000-7f0b1c000000 ---p 00000000 00:00 0 
7f0b1c000000-7f0b1c021000 rw-p 00000000 00:00 0 
7f0b1c021000-7f0b20000000 ---p 00000000 00:00 0 
7f0b20000000-7f0b2003c000 rw-p 00000000 00:00 0 
7f0b2003c000-7f0b24000000 ---p 00000000 00:00 0 
7f0b24000000-7f0b24021000 rw-p 00000000 00:00 0 
7f0b24021000-7f0b28000000 ---p 00000000 00:00 0 
7f0b28000000-7f0b28021000 rw-p 00000000 00:00 0 
7f0b28021000-7f0b2c000000 ---p 00000000 00:00 0 
7f0b2c000000-7f0b2c1c7000 rw-p 00000000 00:00 0 
7f0b2c1c7000-7f0b30000000 ---p 00000000 00:00 0 
7f0b30000000-7f0b30021000 rw-p 00000000 00:00 0 
7f0b30021000-7f0b34000000 ---p 00000000 00:00 0 
7f0b34000000-7f0b341b3000 rw-p 00000000 00:00 0 
7f0b341b3000-7f0b38000000 ---p 00000000 00:00 0 
7f0b38000000-7f0b38021000 rw-p 00000000 00:00 0 
7f0b38021000-7f0b3c000000 ---p 00000000 00:00 0 
7f0b3c000000-7f0b3c021000 rw-p 00000000 00:00 0 
7f0b3c021000-7f0b40000000 ---p 00000000 00:00 0 
7f0b40000000-7f0b40021000 rw-p 00000000 00:00 0 
7f0b40021000-7f0b44000000 ---p 00000000 00:00 0 
7f0b44075000-7f0b4407a000 r-xp 00000000 08:06 1972006                    /usr/lib/x86_64-linux-gnu/libXdmcp.so.6.0.0
7f0b4407a000-7f0b44279000 ---p 00005000 08:06 1972006                    /usr/lib/x86_64-linux-gnu/libXdmcp.so.6.0.0
7f0b44279000-7f0b4427a000 r--p 00004000 08:06 1972006                    /usr/lib/x86_64-linux-gnu/libXdmcp.so.6.0.0
7f0b4427a000-7f0b4427b000 rw-p 00005000 08:06 1972006                    /usr/lib/x86_64-linux-gnu/libXdmcp.so.6.0.0
7f0b4427b000-7f0b4427d000 r-xp 00000000 08:06 1971995                    /usr/lib/x86_64-linux-gnu/libXau.so.6.0.0
7f0b4427d000-7f0b4447d000 ---p 00002000 08:06 1971995                    /usr/lib/x86_64-linux-gnu/libXau.so.6.0.0
7f0b4447d000-7f0b4447e000 r--p 00002000 08:06 1971995                    /usr/lib/x86_64-linux-gnu/libXau.so.6.0.0
7f0b4447e000-7f0b4447f000 rw-p 00003000 08:06 1971995                    /usr/lib/x86_64-linux-gnu/libXau.so.6.0.0
7f0b4447f000-7f0b444a5000 r-xp 00000000 08:06 1973242                    /usr/lib/x86_64-linux-gnu/libxcb.so.1.1.0
7f0b444a5000-7f0b446a4000 ---p 00026000 08:06 1973242                    /usr/lib/x86_64-linux-gnu/libxcb.so.1.1.0
7f0b446a4000-7f0b446a5000 r--p 00025000 08:06 1973242                    /usr/lib/x86_64-linux-gnu/libxcb.so.1.1.0
7f0b446a5000-7f0b446a6000 rw-p 00026000 08:06 1973242                    /usr/lib/x86_64-linux-gnu/libxcb.so.1.1.0
7f0b446a6000-7f0b446b5000 r-xp 00000000 08:06 1972018                    /usr/lib/x86_64-linux-gnu/libXi.so.6.1.0
7f0b446b5000-7f0b448b4000 ---p 0000f000 08:06 1972018                    /usr/lib/x86_64-linux-gnu/libXi.so.6.1.0
7f0b448b4000-7f0b448b5000 r--p 0000e000 08:06 1972018                    /usr/lib/x86_64-linux-gnu/libXi.so.6.1.0
7f0b448b5000-7f0b448b6000 rw-p 0000f000 08:06 1972018                    /usr/lib/x86_64-linux-gnu/libXi.so.6.1.0
7f0b448b6000-7f0b448bb000 r-xp 00000000 08:06 1972036                    /usr/lib/x86_64-linux-gnu/libXtst.so.6.1.0
7f0b448bb000-7f0b44aba000 ---p 00005000 08:06 1972036                    /usr/lib/x86_64-linux-gnu/libXtst.so.6.1.0
7f0b44aba000-7f0b44abb000 r--p 00004000 08:06 1972036                    /usr/lib/x86_64-linux-gnu/libXtst.so.6.1.0
7f0b44abb000-7f0b44abc000 rw-p 00005000 08:06 1972036                    /usr/lib/x86_64-linux-gnu/libXtst.so.6.1.0
7f0b44abc000-7f0b44ac5000 r-xp 00000000 08:06 1972030                    /usr/lib/x86_64-linux-gnu/libXrender.so.1.3.0
7f0b44ac5000-7f0b44cc4000 ---p 00009000 08:06 1972030                    /usr/lib/x86_64-linux-gnu/libXrender.so.1.3.0
7f0b44cc4000-7f0b44cc5000 r--p 00008000 08:06 1972030                    /usr/lib/x86_64-linux-gnu/libXrender.so.1.3.0
7f0b44cc5000-7f0b44cc6000 rw-p 00009000 08:06 1972030                    /usr/lib/x86_64-linux-gnu/libXrender.so.1.3.0
7f0b44cc6000-7f0b44dfa000 r-xp 00000000 08:06 1971991                    /usr/lib/x86_64-linux-gnu/libX11.so.6.3.0
7f0b44dfa000-7f0b44ffa000 ---p 00134000 08:06 1971991                    /usr/lib/x86_64-linux-gnu/libX11.so.6.3.0
7f0b44ffa000-7f0b44ffb000 r--p 00134000 08:06 1971991                    /usr/lib/x86_64-linux-gnu/libX11.so.6.3.0
7f0b44ffb000-7f0b44fff000 rw-p 00135000 08:06 1971991                    /usr/lib/x86_64-linux-gnu/libX11.so.6.3.0
7f0b44fff000-7f0b48000000 rw-p 00000000 00:00 0 
7f0b48000000-7f0b48021000 rw-p 00000000 00:00 0 
7f0b48021000-7f0b4c000000 ---p 00000000 00:00 0 
7f0b4c000000-7f0b4c021000 rw-p 00000000 00:00 0 
7f0b4c021000-7f0b50000000 ---p 00000000 00:00 0 
7f0b50000000-7f0b50262000 rw-p 00000000 00:00 0 
7f0b50262000-7f0b54000000 ---p 00000000 00:00 0 
7f0b54000000-7f0b542ab000 rw-p 00000000 00:00 0 
7f0b542ab000-7f0b58000000 ---p 00000000 00:00 0 
7f0b58000000-7f0b58021000 rw-p 00000000 00:00 0 
7f0b58021000-7f0b5c000000 ---p 00000000 00:00 0 
7f0b5c000000-7f0b5c6cc000 rw-p 00000000 00:00 0 
7f0b5c6cc000-7f0b60000000 ---p 00000000 00:00 0 
7f0b60000000-7f0b60021000 rw-p 00000000 00:00 0 
7f0b60021000-7f0b64000000 ---p 00000000 00:00 0 
7f0b64000000-7f0b64021000 rw-p 00000000 00:00 0 
7f0b64021000-7f0b68000000 ---p 00000000 00:00 0 
7f0b68000000-7f0b68021000 rw-p 00000000 00:00 0 
7f0b68021000-7f0b6c000000 ---p 00000000 00:00 0 
7f0b6c000000-7f0b6c021000 rw-p 00000000 00:00 0 
7f0b6c021000-7f0b70000000 ---p 00000000 00:00 0 
7f0b70000000-7f0b70021000 rw-p 00000000 00:00 0 
7f0b70021000-7f0b74000000 ---p 00000000 00:00 0 
7f0b74000000-7f0b74021000 rw-p 00000000 00:00 0 
7f0b74021000-7f0b78000000 ---p 00000000 00:00 0 
7f0b78000000-7f0b78021000 rw-p 00000000 00:00 0 
7f0b78021000-7f0b7c000000 ---p 00000000 00:00 0 
7f0b7c01f000-7f0b7c022000 ---p 00000000 00:00 0 
7f0b7c022000-7f0b7c058000 rw-p 00000000 00:00 0 
7f0b7c058000-7f0b7c05b000 ---p 00000000 00:00 0 
7f0b7c05b000-7f0b7c159000 rw-p 00000000 00:00 0 
7f0b7c159000-7f0b7c16a000 r-xp 00000000 08:06 1972008                    /usr/lib/x86_64-linux-gnu/libXext.so.6.4.0
7f0b7c16a000-7f0b7c369000 ---p 00011000 08:06 1972008                    /usr/lib/x86_64-linux-gnu/libXext.so.6.4.0
7f0b7c369000-7f0b7c36a000 r--p 00010000 08:06 1972008                    /usr/lib/x86_64-linux-gnu/libXext.so.6.4.0
7f0b7c36a000-7f0b7c36b000 rw-p 00011000 08:06 1972008                    /usr/lib/x86_64-linux-gnu/libXext.so.6.4.0
7f0b7c36b000-7f0b7c36e000 r--p 00000000 08:06 1349762                    /usr/share/locale-langpack/pt_BR/LC_MESSAGES/atk10.mo
7f0b7c36e000-7f0b7c381000 r--s 00346000 08:06 2001237                    /usr/lib/jvm/java-8-openjdk-amd64/jre/lib/resources.jar
7f0b7c381000-7f0b7c3d5000 r-xp 00000000 08:06 2001167                    /usr/lib/jvm/java-8-openjdk-amd64/jre/lib/amd64/libawt_xawt.so
7f0b7c3d5000-7f0b7c5d4000 ---p 00054000 08:06 2001167                    /usr/lib/jvm/java-8-openjdk-amd64/jre/lib/amd64/libawt_xawt.so
7f0b7c5d4000-7f0b7c5d5000 r--p 00053000 08:06 2001167                    /usr/lib/jvm/java-8-openjdk-amd64/jre/lib/amd64/libawt_xawt.so
7f0b7c5d5000-7f0b7c5d8000 rw-p 00054000 08:06 2001167                    /usr/lib/jvm/java-8-openjdk-amd64/jre/lib/amd64/libawt_xawt.so
7f0b7c5d8000-7f0b7c5d9000 rw-p 00000000 00:00 0 
7f0b7c5d9000-7f0b7c679000 r-xp 00000000 08:06 2001165                    /usr/lib/jvm/java-8-openjdk-amd64/jre/lib/amd64/libawt.so
7f0b7c679000-7f0b7c878000 ---p 000a0000 08:06 2001165                    /usr/lib/jvm/java-8-openjdk-amd64/jre/lib/amd64/libawt.so
7f0b7c878000-7f0b7c879000 r--p 0009f000 08:06 2001165                    /usr/lib/jvm/java-8-openjdk-amd64/jre/lib/amd64/libawt.so
7f0b7c879000-7f0b7c884000 rw-p 000a0000 08:06 2001165                    /usr/lib/jvm/java-8-openjdk-amd64/jre/lib/amd64/libawt.so
7f0b7c884000-7f0b7caa9000 rw-p 00000000 00:00 0 
7f0b7caa9000-7f0b7caac000 ---p 00000000 00:00 0 
7f0b7caac000-7f0b7cbaa000 rw-p 00000000 00:00 0 
7f0b7cbaa000-7f0b7cbad000 ---p 00000000 00:00 0 
7f0b7cbad000-7f0b7ccab000 rw-p 00000000 00:00 0 
7f0b7ccab000-7f0b7ccae000 ---p 00000000 00:00 0 
7f0b7ccae000-7f0b7cdac000 rw-p 00000000 00:00 0 
7f0b7cdac000-7f0b7cdaf000 ---p 00000000 00:00 0 
7f0b7cdaf000-7f0b7d0ad000 rw-p 00000000 00:00 0 
7f0b7d0ad000-7f0b7d0d5000 r-xp 00000000 08:06 2001192                    /usr/lib/jvm/java-8-openjdk-amd64/jre/lib/amd64/libsunec.so
7f0b7d0d5000-7f0b7d2d4000 ---p 00028000 08:06 2001192                    /usr/lib/jvm/java-8-openjdk-amd64/jre/lib/amd64/libsunec.so
7f0b7d2d4000-7f0b7d2d8000 r--p 00027000 08:06 2001192                    /usr/lib/jvm/java-8-openjdk-amd64/jre/lib/amd64/libsunec.so
7f0b7d2d8000-7f0b7d2d9000 rw-p 0002b000 08:06 2001192                    /usr/lib/jvm/java-8-openjdk-amd64/jre/lib/amd64/libsunec.so
7f0b7d2d9000-7f0b7d2dc000 ---p 00000000 00:00 0 
7f0b7d2dc000-7f0b7d5da000 rw-p 00000000 00:00 0 
7f0b7d5da000-7f0b7d5dd000 ---p 00000000 00:00 0 
7f0b7d5dd000-7f0b7d6db000 rw-p 00000000 00:00 0 
7f0b7d6db000-7f0b7d6de000 ---p 00000000 00:00 0 
7f0b7d6de000-7f0b7d7dc000 rw-p 00000000 00:00 0 
7f0b7d7dc000-7f0b7d7df000 ---p 00000000 00:00 0 
7f0b7d7df000-7f0b7d8dd000 rw-p 00000000 00:00 0 
7f0b7d8dd000-7f0b7d8e0000 ---p 00000000 00:00 0 
7f0b7d8e0000-7f0b7d9de000 rw-p 00000000 00:00 0 
7f0b7d9de000-7f0b7d9e1000 ---p 00000000 00:00 0 
7f0b7d9e1000-7f0b7dadf000 rw-p 00000000 00:00 0 
7f0b7dadf000-7f0b7daf0000 r-xp 00000000 08:06 2001188                    /usr/lib/jvm/java-8-openjdk-amd64/jre/lib/amd64/libnio.so
7f0b7daf0000-7f0b7dcf0000 ---p 00011000 08:06 2001188                    /usr/lib/jvm/java-8-openjdk-amd64/jre/lib/amd64/libnio.so
7f0b7dcf0000-7f0b7dcf1000 r--p 00011000 08:06 2001188                    /usr/lib/jvm/java-8-openjdk-amd64/jre/lib/amd64/libnio.so
7f0b7dcf1000-7f0b7dcf2000 rw-p 00012000 08:06 2001188                    /usr/lib/jvm/java-8-openjdk-amd64/jre/lib/amd64/libnio.so
7f0b7dcf2000-7f0b7dcf5000 ---p 00000000 00:00 0 
7f0b7dcf5000-7f0b7ddf3000 rw-p 00000000 00:00 0 
7f0b7ddf3000-7f0b7de0a000 r-xp 00000000 08:06 2001187                    /usr/lib/jvm/java-8-openjdk-amd64/jre/lib/amd64/libnet.so
7f0b7de0a000-7f0b7e009000 ---p 00017000 08:06 2001187                    /usr/lib/jvm/java-8-openjdk-amd64/jre/lib/amd64/libnet.so
7f0b7e009000-7f0b7e00a000 r--p 00016000 08:06 2001187                    /usr/lib/jvm/java-8-openjdk-amd64/jre/lib/amd64/libnet.so
7f0b7e00a000-7f0b7e00b000 rw-p 00017000 08:06 2001187                    /usr/lib/jvm/java-8-openjdk-amd64/jre/lib/amd64/libnet.so
7f0b7e00b000-7f0b7e155000 r--s 012f6000 08:02 4084914                    /home/thiago/workspace/passeidireto/recrutamento/pdhp-front/node_modules/protractor/node_modules/webdriver-manager/selenium/selenium-server-standalone-2.53.1.jar
7f0b7e155000-7f0b7e156000 ---p 00000000 00:00 0 
7f0b7e156000-7f0b7e256000 rw-p 00000000 00:00 0 
7f0b7e256000-7f0b7e259000 ---p 00000000 00:00 0 
7f0b7e259000-7f0b7e357000 rw-p 00000000 00:00 0 
7f0b7e357000-7f0b7e35a000 ---p 00000000 00:00 0 
7f0b7e35a000-7f0b7e458000 rw-p 00000000 00:00 0 
7f0b7e458000-7f0b7e45b000 ---p 00000000 00:00 0 
7f0b7e45b000-7f0b7e559000 rw-p 00000000 00:00 0 
7f0b7e559000-7f0b7e55c000 ---p 00000000 00:00 0 
7f0b7e55c000-7f0b7e65a000 rw-p 00000000 00:00 0 
7f0b7e65a000-7f0b7e65d000 ---p 00000000 00:00 0 
7f0b7e65d000-7f0b7e75b000 rw-p 00000000 00:00 0 
7f0b7e75b000-7f0b7ea39000 r--p 00000000 08:06 1967383                    /usr/lib/locale/locale-archive
7f0b7ea39000-7f0b7ea3c000 ---p 00000000 00:00 0 
7f0b7ea3c000-7f0b7eb3a000 rw-p 00000000 00:00 0 
7f0b7eb3a000-7f0b7eb3d000 ---p 00000000 00:00 0 
7f0b7eb3d000-7f0b7ec3b000 rw-p 00000000 00:00 0 
7f0b7ec3b000-7f0b7ec3c000 ---p 00000000 00:00 0 
7f0b7ec3c000-7f0b81000000 rw-p 00000000 00:00 0 
7f0b81000000-7f0b814e0000 rwxp 00000000 00:00 0 
7f0b814e0000-7f0b90000000 ---p 00000000 00:00 0 
7f0b90000000-7f0b9041c000 rw-p 00000000 00:00 0 
7f0b9041c000-7f0b94000000 ---p 00000000 00:00 0 
7f0b94001000-7f0b94004000 ---p 00000000 00:00 0 
7f0b94004000-7f0b9403a000 rw-p 00000000 00:00 0 
7f0b9403a000-7f0b94041000 r--s 00000000 08:06 400283                     /usr/lib/x86_64-linux-gnu/gconv/gconv-modules.cache
7f0b94041000-7f0b94061000 r--p 00000000 08:06 1349960                    /usr/share/locale-langpack/pt_BR/LC_MESSAGES/libc.mo
7f0b94061000-7f0b94064000 r--s 00015000 08:06 2001230                    /usr/lib/jvm/java-8-openjdk-amd64/jre/lib/jce.jar
7f0b94064000-7f0b94069000 r--s 0009a000 08:06 2001232                    /usr/lib/jvm/java-8-openjdk-amd64/jre/lib/jsse.jar
7f0b94069000-7f0b9406b000 r--s 00008000 08:06 2001215                    /usr/lib/jvm/java-8-openjdk-amd64/jre/lib/ext/sunec.jar
7f0b9406b000-7f0b9406e000 r--s 0000f000 08:06 2001211                    /usr/lib/jvm/java-8-openjdk-amd64/jre/lib/ext/icedtea-sound.jar
7f0b9406e000-7f0b9406f000 r--s 0000a000 08:06 2001212                    /usr/lib/jvm/java-8-openjdk-amd64/jre/lib/ext/jaccess.jar
7f0b9406f000-7f0b94071000 r--s 00007000 08:06 1076885                    /usr/share/java/java-atk-wrapper.jar
7f0b94071000-7f0b94072000 r--s 00010000 08:06 2001218                    /usr/lib/jvm/java-8-openjdk-amd64/jre/lib/ext/zipfs.jar
7f0b94072000-7f0b94078000 r--s 0003a000 08:06 2001216                    /usr/lib/jvm/java-8-openjdk-amd64/jre/lib/ext/sunjce_provider.jar
7f0b94078000-7f0b9407c000 r--s 00037000 08:06 2001217                    /usr/lib/jvm/java-8-openjdk-amd64/jre/lib/ext/sunpkcs11.jar
7f0b9407c000-7f0b94097000 r--s 00394000 08:06 2001209                    /usr/lib/jvm/java-8-openjdk-amd64/jre/lib/ext/cldrdata.jar
7f0b94097000-7f0b940b2000 r--s 001d6000 08:06 2001214                    /usr/lib/jvm/java-8-openjdk-amd64/jre/lib/ext/nashorn.jar
7f0b940b2000-7f0b94c0b000 rw-p 00000000 00:00 0 
7f0b94c0b000-7f0b94dda000 r--s 03c21000 08:06 2001238                    /usr/lib/jvm/java-8-openjdk-amd64/jre/lib/rt.jar
7f0b94dda000-7f0b957c6000 rw-p 00000000 00:00 0 
7f0b957c6000-7f0b957c7000 ---p 00000000 00:00 0 
7f0b957c7000-7f0b958c7000 rw-p 00000000 00:00 0 
7f0b958c7000-7f0b958c8000 ---p 00000000 00:00 0 
7f0b958c8000-7f0b959c8000 rw-p 00000000 00:00 0 
7f0b959c8000-7f0b959c9000 ---p 00000000 00:00 0 
7f0b959c9000-7f0b95ac9000 rw-p 00000000 00:00 0 
7f0b95ac9000-7f0b95aca000 ---p 00000000 00:00 0 
7f0b95aca000-7f0b95bdf000 rw-p 00000000 00:00 0 
7f0b95bdf000-7f0b95d12000 ---p 00000000 00:00 0 
7f0b95d12000-7f0b95d27000 rw-p 00000000 00:00 0 
7f0b95d27000-7f0b95e5a000 ---p 00000000 00:00 0 
7f0b95e5a000-7f0b95e6c000 rw-p 00000000 00:00 0 
7f0b95e6c000-7f0b95efe000 ---p 00000000 00:00 0 
7f0b95efe000-7f0b95f13000 rw-p 00000000 00:00 0 
7f0b95f13000-7f0b962bf000 ---p 00000000 00:00 0 
7f0b962bf000-7f0b962c7000 r-xp 00000000 08:06 2001195                    /usr/lib/jvm/java-8-openjdk-amd64/jre/lib/amd64/libzip.so
7f0b962c7000-7f0b964c6000 ---p 00008000 08:06 2001195                    /usr/lib/jvm/java-8-openjdk-amd64/jre/lib/amd64/libzip.so
7f0b964c6000-7f0b964c7000 r--p 00007000 08:06 2001195                    /usr/lib/jvm/java-8-openjdk-amd64/jre/lib/amd64/libzip.so
7f0b964c7000-7f0b964c8000 rw-p 00008000 08:06 2001195                    /usr/lib/jvm/java-8-openjdk-amd64/jre/lib/amd64/libzip.so
7f0b964c8000-7f0b964d3000 r-xp 00000000 08:06 1590539                    /lib/x86_64-linux-gnu/libnss_files-2.26.so
7f0b964d3000-7f0b966d2000 ---p 0000b000 08:06 1590539                    /lib/x86_64-linux-gnu/libnss_files-2.26.so
7f0b966d2000-7f0b966d3000 r--p 0000a000 08:06 1590539                    /lib/x86_64-linux-gnu/libnss_files-2.26.so
7f0b966d3000-7f0b966d4000 rw-p 0000b000 08:06 1590539                    /lib/x86_64-linux-gnu/libnss_files-2.26.so
7f0b966d4000-7f0b966da000 rw-p 00000000 00:00 0 
7f0b966da000-7f0b966e5000 r-xp 00000000 08:06 1590541                    /lib/x86_64-linux-gnu/libnss_nis-2.26.so
7f0b966e5000-7f0b968e4000 ---p 0000b000 08:06 1590541                    /lib/x86_64-linux-gnu/libnss_nis-2.26.so
7f0b968e4000-7f0b968e5000 r--p 0000a000 08:06 1590541                    /lib/x86_64-linux-gnu/libnss_nis-2.26.so
7f0b968e5000-7f0b968e6000 rw-p 0000b000 08:06 1590541                    /lib/x86_64-linux-gnu/libnss_nis-2.26.so
7f0b968e6000-7f0b968fd000 r-xp 00000000 08:06 1590536                    /lib/x86_64-linux-gnu/libnsl-2.26.so
7f0b968fd000-7f0b96afc000 ---p 00017000 08:06 1590536                    /lib/x86_64-linux-gnu/libnsl-2.26.so
7f0b96afc000-7f0b96afd000 r--p 00016000 08:06 1590536                    /lib/x86_64-linux-gnu/libnsl-2.26.so
7f0b96afd000-7f0b96afe000 rw-p 00017000 08:06 1590536                    /lib/x86_64-linux-gnu/libnsl-2.26.so
7f0b96afe000-7f0b96b00000 rw-p 00000000 00:00 0 
7f0b96b00000-7f0b96b08000 r-xp 00000000 08:06 1590537                    /lib/x86_64-linux-gnu/libnss_compat-2.26.so
7f0b96b08000-7f0b96d07000 ---p 00008000 08:06 1590537                    /lib/x86_64-linux-gnu/libnss_compat-2.26.so
7f0b96d07000-7f0b96d08000 r--p 00007000 08:06 1590537                    /lib/x86_64-linux-gnu/libnss_compat-2.26.so
7f0b96d08000-7f0b96d09000 rw-p 00008000 08:06 1590537                    /lib/x86_64-linux-gnu/libnss_compat-2.26.so
7f0b96d09000-7f0b96d36000 r-xp 00000000 08:06 2001176                    /usr/lib/jvm/java-8-openjdk-amd64/jre/lib/amd64/libjava.so
7f0b96d36000-7f0b96f36000 ---p 0002d000 08:06 2001176                    /usr/lib/jvm/java-8-openjdk-amd64/jre/lib/amd64/libjava.so
7f0b96f36000-7f0b96f37000 r--p 0002d000 08:06 2001176                    /usr/lib/jvm/java-8-openjdk-amd64/jre/lib/amd64/libjava.so
7f0b96f37000-7f0b96f39000 rw-p 0002e000 08:06 2001176                    /usr/lib/jvm/java-8-openjdk-amd64/jre/lib/amd64/libjava.so
7f0b96f39000-7f0b96f49000 r-xp 00000000 08:06 2001194                    /usr/lib/jvm/java-8-openjdk-amd64/jre/lib/amd64/libverify.so
7f0b96f49000-7f0b97148000 ---p 00010000 08:06 2001194                    /usr/lib/jvm/java-8-openjdk-amd64/jre/lib/amd64/libverify.so
7f0b97148000-7f0b9714a000 r--p 0000f000 08:06 2001194                    /usr/lib/jvm/java-8-openjdk-amd64/jre/lib/amd64/libverify.so
7f0b9714a000-7f0b9714b000 rw-p 00011000 08:06 2001194                    /usr/lib/jvm/java-8-openjdk-amd64/jre/lib/amd64/libverify.so
7f0b9714b000-7f0b97152000 r-xp 00000000 08:06 1590546                    /lib/x86_64-linux-gnu/librt-2.26.so
7f0b97152000-7f0b97351000 ---p 00007000 08:06 1590546                    /lib/x86_64-linux-gnu/librt-2.26.so
7f0b97351000-7f0b97352000 r--p 00006000 08:06 1590546                    /lib/x86_64-linux-gnu/librt-2.26.so
7f0b97352000-7f0b97353000 rw-p 00007000 08:06 1590546                    /lib/x86_64-linux-gnu/librt-2.26.so
7f0b97353000-7f0b97369000 r-xp 00000000 08:06 1590524                    /lib/x86_64-linux-gnu/libgcc_s.so.1
7f0b97369000-7f0b97568000 ---p 00016000 08:06 1590524                    /lib/x86_64-linux-gnu/libgcc_s.so.1
7f0b97568000-7f0b97569000 r--p 00015000 08:06 1590524                    /lib/x86_64-linux-gnu/libgcc_s.so.1
7f0b97569000-7f0b9756a000 rw-p 00016000 08:06 1590524                    /lib/x86_64-linux-gnu/libgcc_s.so.1
7f0b9756a000-7f0b976bf000 r-xp 00000000 08:06 1590533                    /lib/x86_64-linux-gnu/libm-2.26.so
7f0b976bf000-7f0b978be000 ---p 00155000 08:06 1590533                    /lib/x86_64-linux-gnu/libm-2.26.so
7f0b978be000-7f0b978bf000 r--p 00154000 08:06 1590533                    /lib/x86_64-linux-gnu/libm-2.26.so
7f0b978bf000-7f0b978c0000 rw-p 00155000 08:06 1590533                    /lib/x86_64-linux-gnu/libm-2.26.so
7f0b978c0000-7f0b97a38000 r-xp 00000000 08:06 1968381                    /usr/lib/x86_64-linux-gnu/libstdc++.so.6.0.24
7f0b97a38000-7f0b97c37000 ---p 00178000 08:06 1968381                    /usr/lib/x86_64-linux-gnu/libstdc++.so.6.0.24
7f0b97c37000-7f0b97c41000 r--p 00177000 08:06 1968381                    /usr/lib/x86_64-linux-gnu/libstdc++.so.6.0.24
7f0b97c41000-7f0b97c43000 rw-p 00181000 08:06 1968381                    /usr/lib/x86_64-linux-gnu/libstdc++.so.6.0.24
7f0b97c43000-7f0b97c46000 rw-p 00000000 00:00 0 
7f0b97c46000-7f0b988d0000 r-xp 00000000 08:06 2001198                    /usr/lib/jvm/java-8-openjdk-amd64/jre/lib/amd64/server/libjvm.so
7f0b988d0000-7f0b98ad0000 ---p 00c8a000 08:06 2001198                    /usr/lib/jvm/java-8-openjdk-amd64/jre/lib/amd64/server/libjvm.so
7f0b98ad0000-7f0b98b63000 r--p 00c8a000 08:06 2001198                    /usr/lib/jvm/java-8-openjdk-amd64/jre/lib/amd64/server/libjvm.so
7f0b98b63000-7f0b98b8b000 rw-p 00d1d000 08:06 2001198                    /usr/lib/jvm/java-8-openjdk-amd64/jre/lib/amd64/server/libjvm.so
7f0b98b8b000-7f0b98bbc000 rw-p 00000000 00:00 0 
7f0b98bbc000-7f0b98bd6000 r-xp 00000000 08:06 1590544                    /lib/x86_64-linux-gnu/libpthread-2.26.so
7f0b98bd6000-7f0b98dd5000 ---p 0001a000 08:06 1590544                    /lib/x86_64-linux-gnu/libpthread-2.26.so
7f0b98dd5000-7f0b98dd6000 r--p 00019000 08:06 1590544                    /lib/x86_64-linux-gnu/libpthread-2.26.so
7f0b98dd6000-7f0b98dd7000 rw-p 0001a000 08:06 1590544                    /lib/x86_64-linux-gnu/libpthread-2.26.so
7f0b98dd7000-7f0b98ddb000 rw-p 00000000 00:00 0 
7f0b98ddb000-7f0b98dde000 r-xp 00000000 08:06 1590532                    /lib/x86_64-linux-gnu/libdl-2.26.so
7f0b98dde000-7f0b98fdd000 ---p 00003000 08:06 1590532                    /lib/x86_64-linux-gnu/libdl-2.26.so
7f0b98fdd000-7f0b98fde000 r--p 00002000 08:06 1590532                    /lib/x86_64-linux-gnu/libdl-2.26.so
7f0b98fde000-7f0b98fdf000 rw-p 00003000 08:06 1590532                    /lib/x86_64-linux-gnu/libdl-2.26.so
7f0b98fdf000-7f0b98ffb000 r-xp 00000000 08:06 1582222                    /lib/x86_64-linux-gnu/libz.so.1.2.11
7f0b98ffb000-7f0b991fa000 ---p 0001c000 08:06 1582222                    /lib/x86_64-linux-gnu/libz.so.1.2.11
7f0b991fa000-7f0b991fb000 r--p 0001b000 08:06 1582222                    /lib/x86_64-linux-gnu/libz.so.1.2.11
7f0b991fb000-7f0b991fc000 rw-p 0001c000 08:06 1582222                    /lib/x86_64-linux-gnu/libz.so.1.2.11
7f0b991fc000-7f0b993d2000 r-xp 00000000 08:06 1590529                    /lib/x86_64-linux-gnu/libc-2.26.so
7f0b993d2000-7f0b995d2000 ---p 001d6000 08:06 1590529                    /lib/x86_64-linux-gnu/libc-2.26.so
7f0b995d2000-7f0b995d6000 r--p 001d6000 08:06 1590529                    /lib/x86_64-linux-gnu/libc-2.26.so
7f0b995d6000-7f0b995d8000 rw-p 001da000 08:06 1590529                    /lib/x86_64-linux-gnu/libc-2.26.so
7f0b995d8000-7f0b995dc000 rw-p 00000000 00:00 0 
7f0b995dc000-7f0b995ea000 r-xp 00000000 08:06 2001162                    /usr/lib/jvm/java-8-openjdk-amd64/jre/lib/amd64/jli/libjli.so
7f0b995ea000-7f0b997e9000 ---p 0000e000 08:06 2001162                    /usr/lib/jvm/java-8-openjdk-amd64/jre/lib/amd64/jli/libjli.so
7f0b997e9000-7f0b997ea000 r--p 0000d000 08:06 2001162                    /usr/lib/jvm/java-8-openjdk-amd64/jre/lib/amd64/jli/libjli.so
7f0b997ea000-7f0b997eb000 rw-p 0000e000 08:06 2001162                    /usr/lib/jvm/java-8-openjdk-amd64/jre/lib/amd64/jli/libjli.so
7f0b997eb000-7f0b99812000 r-xp 00000000 08:06 1590525                    /lib/x86_64-linux-gnu/ld-2.26.so
7f0b99812000-7f0b998f7000 rw-p 00000000 00:00 0 
7f0b998f7000-7f0b998fa000 ---p 00000000 00:00 0 
7f0b998fa000-7f0b999fa000 rw-p 00000000 00:00 0 
7f0b999fa000-7f0b999fc000 r--s 00001000 08:06 2001210                    /usr/lib/jvm/java-8-openjdk-amd64/jre/lib/ext/dnsns.jar
7f0b999fc000-7f0b99a06000 r--s 00116000 08:06 2001213                    /usr/lib/jvm/java-8-openjdk-amd64/jre/lib/ext/localedata.jar
7f0b99a06000-7f0b99a0e000 rw-s 00000000 08:06 1186545                    /tmp/hsperfdata_thiago/4133
7f0b99a0e000-7f0b99a0f000 rw-p 00000000 00:00 0 
7f0b99a0f000-7f0b99a10000 r--p 00000000 00:00 0 
7f0b99a10000-7f0b99a12000 rw-p 00000000 00:00 0 
7f0b99a12000-7f0b99a13000 r--p 00027000 08:06 1590525                    /lib/x86_64-linux-gnu/ld-2.26.so
7f0b99a13000-7f0b99a14000 rw-p 00028000 08:06 1590525                    /lib/x86_64-linux-gnu/ld-2.26.so
7f0b99a14000-7f0b99a15000 rw-p 00000000 00:00 0 
7ffdfc093000-7ffdfc0b5000 rw-p 00000000 00:00 0                          [stack]
7ffdfc139000-7ffdfc13c000 r--p 00000000 00:00 0                          [vvar]
7ffdfc13c000-7ffdfc13e000 r-xp 00000000 00:00 0                          [vdso]
ffffffffff600000-ffffffffff601000 r-xp 00000000 00:00 0                  [vsyscall]

VM Arguments:
jvm_args: -Dwebdriver.chrome.driver=/home/thiago/workspace/passeidireto/recrutamento/pdhp-front/node_modules/protractor/node_modules/webdriver-manager/selenium/chromedriver_2.26 
java_command: /home/thiago/workspace/passeidireto/recrutamento/pdhp-front/node_modules/protractor/node_modules/webdriver-manager/selenium/selenium-server-standalone-2.53.1.jar -port 53889
java_class_path (initial): /home/thiago/workspace/passeidireto/recrutamento/pdhp-front/node_modules/protractor/node_modules/webdriver-manager/selenium/selenium-server-standalone-2.53.1.jar
Launcher Type: SUN_STANDARD

Environment Variables:
PATH=/usr/share/npm/bin/node-gyp-bin:/home/thiago/workspace/passeidireto/recrutamento/pdhp-front/node_modules/.bin:/home/thiago/bin:/usr/local/sbin:/usr/local/bin:/usr/sbin:/usr/bin:/sbin:/bin:/usr/games:/usr/local/games:/snap/bin
USERNAME=thiago
SHELL=/bin/bash
DISPLAY=:0

Signal Handlers:
SIGSEGV: [libjvm.so+0xaa6ae0], sa_mask[0]=11111111011111111101111111111110, sa_flags=SA_RESTART|SA_SIGINFO
SIGBUS: [libjvm.so+0xaa6ae0], sa_mask[0]=11111111011111111101111111111110, sa_flags=SA_RESTART|SA_SIGINFO
SIGFPE: [libjvm.so+0x8ddf00], sa_mask[0]=11111111011111111101111111111110, sa_flags=SA_RESTART|SA_SIGINFO
SIGPIPE: [libjvm.so+0x8ddf00], sa_mask[0]=11111111011111111101111111111110, sa_flags=SA_RESTART|SA_SIGINFO
SIGXFSZ: [libjvm.so+0x8ddf00], sa_mask[0]=11111111011111111101111111111110, sa_flags=SA_RESTART|SA_SIGINFO
SIGILL: [libjvm.so+0x8ddf00], sa_mask[0]=11111111011111111101111111111110, sa_flags=SA_RESTART|SA_SIGINFO
SIGUSR1: SIG_DFL, sa_mask[0]=00000000000000000000000000000000, sa_flags=none
SIGUSR2: [libjvm.so+0x8dddb0], sa_mask[0]=00000000000000000000000000000000, sa_flags=SA_RESTART|SA_SIGINFO
SIGHUP: [libjvm.so+0x8de260], sa_mask[0]=11111111011111111101111111111110, sa_flags=SA_RESTART|SA_SIGINFO
SIGINT: [libjvm.so+0x8de260], sa_mask[0]=11111111011111111101111111111110, sa_flags=SA_RESTART|SA_SIGINFO
SIGTERM: [libjvm.so+0x8de260], sa_mask[0]=11111111011111111101111111111110, sa_flags=SA_RESTART|SA_SIGINFO
SIGQUIT: [libjvm.so+0x8de260], sa_mask[0]=11111111011111111101111111111110, sa_flags=SA_RESTART|SA_SIGINFO


---------------  S Y S T E M  ---------------

OS:DISTRIB_ID=Ubuntu
DISTRIB_RELEASE=17.10
DISTRIB_CODENAME=artful
DISTRIB_DESCRIPTION="Ubuntu 17.10"

uname:Linux 4.13.0-36-generic #40-Ubuntu SMP Fri Feb 16 20:07:48 UTC 2018 x86_64
libc:glibc 2.26 NPTL 2.26 
rlimit: STACK 8192k, CORE 0k, NPROC 15502, NOFILE 1048576, AS infinity
load average:0.48 0.71 0.55

/proc/meminfo:
MemTotal:        4022808 kB
MemFree:          443332 kB
MemAvailable:    1517592 kB
Buffers:           81012 kB
Cached:          1052680 kB
SwapCached:            0 kB
Active:          2376216 kB
Inactive:         810880 kB
Active(anon):    1867116 kB
Inactive(anon):    83596 kB
Active(file):     509100 kB
Inactive(file):   727284 kB
Unevictable:         232 kB
Mlocked:             232 kB
SwapTotal:       3905532 kB
SwapFree:        3905532 kB
Dirty:             13588 kB
Writeback:             0 kB
AnonPages:       2053740 kB
Mapped:           575656 kB
Shmem:             93884 kB
Slab:             160504 kB
SReclaimable:      81776 kB
SUnreclaim:        78728 kB
KernelStack:       17312 kB
PageTables:        70576 kB
NFS_Unstable:          0 kB
Bounce:                0 kB
WritebackTmp:          0 kB
CommitLimit:     5916936 kB
Committed_AS:   10090564 kB
VmallocTotal:   34359738367 kB
VmallocUsed:           0 kB
VmallocChunk:          0 kB
HardwareCorrupted:     0 kB
AnonHugePages:         0 kB
ShmemHugePages:        0 kB
ShmemPmdMapped:        0 kB
CmaTotal:              0 kB
CmaFree:               0 kB
HugePages_Total:       0
HugePages_Free:        0
HugePages_Rsvd:        0
HugePages_Surp:        0
Hugepagesize:       2048 kB
DirectMap4k:      143232 kB
DirectMap2M:     4034560 kB


CPU:total 4 (initial active 4) (4 cores per cpu, 1 threads per core) family 6 model 42 stepping 7, cmov, cx8, fxsr, mmx, sse, sse2, sse3, ssse3, sse4.1, sse4.2, popcnt, avx, aes, clmul, tsc, tscinvbit

/proc/cpuinfo:
processor	: 0
vendor_id	: GenuineIntel
cpu family	: 6
model		: 42
model name	: Intel(R) Core(TM) i5-2300 CPU @ 2.80GHz
stepping	: 7
microcode	: 0x6
cpu MHz		: 2793.528
cache size	: 6144 KB
physical id	: 0
siblings	: 4
core id		: 0
cpu cores	: 4
apicid		: 0
initial apicid	: 0
fpu		: yes
fpu_exception	: yes
cpuid level	: 13
wp		: yes
flags		: fpu vme de pse tsc msr pae mce cx8 apic sep mtrr pge mca cmov pat pse36 clflush dts acpi mmx fxsr sse sse2 ss ht tm pbe syscall nx rdtscp lm constant_tsc arch_perfmon pebs bts rep_good nopl xtopology nonstop_tsc cpuid aperfmperf pni pclmulqdq dtes64 monitor ds_cpl vmx est tm2 ssse3 cx16 xtpr pdcm pcid sse4_1 sse4_2 popcnt tsc_deadline_timer aes xsave avx lahf_lm epb pti retpoline tpr_shadow vnmi flexpriority ept vpid xsaveopt dtherm ida arat pln pts
bugs		: cpu_meltdown spectre_v1 spectre_v2
bogomips	: 5587.05
clflush size	: 64
cache_alignment	: 64
address sizes	: 36 bits physical, 48 bits virtual
power management:

processor	: 1
vendor_id	: GenuineIntel
cpu family	: 6
model		: 42
model name	: Intel(R) Core(TM) i5-2300 CPU @ 2.80GHz
stepping	: 7
microcode	: 0x6
cpu MHz		: 2793.528
cache size	: 6144 KB
physical id	: 0
siblings	: 4
core id		: 1
cpu cores	: 4
apicid		: 2
initial apicid	: 2
fpu		: yes
fpu_exception	: yes
cpuid level	: 13
wp		: yes
flags		: fpu vme de pse tsc msr pae mce cx8 apic sep mtrr pge mca cmov pat pse36 clflush dts acpi mmx fxsr sse sse2 ss ht tm pbe syscall nx rdtscp lm constant_tsc arch_perfmon pebs bts rep_good nopl xtopology nonstop_tsc cpuid aperfmperf pni pclmulqdq dtes64 monitor ds_cpl vmx est tm2 ssse3 cx16 xtpr pdcm pcid sse4_1 sse4_2 popcnt tsc_deadline_timer aes xsave avx lahf_lm epb pti retpoline tpr_shadow vnmi flexpriority ept vpid xsaveopt dtherm ida arat pln pts
bugs		: cpu_meltdown spectre_v1 spectre_v2
bogomips	: 5587.05
clflush size	: 64
cache_alignment	: 64
address sizes	: 36 bits physical, 48 bits virtual
power management:

processor	: 2
vendor_id	: GenuineIntel
cpu family	: 6
model		: 42
model name	: Intel(R) Core(TM) i5-2300 CPU @ 2.80GHz
stepping	: 7
microcode	: 0x6
cpu MHz		: 2793.528
cache size	: 6144 KB
physical id	: 0
siblings	: 4
core id		: 2
cpu cores	: 4
apicid		: 4
initial apicid	: 4
fpu		: yes
fpu_exception	: yes
cpuid level	: 13
wp		: yes
flags		: fpu vme de pse tsc msr pae mce cx8 apic sep mtrr pge mca cmov pat pse36 clflush dts acpi mmx fxsr sse sse2 ss ht tm pbe syscall nx rdtscp lm constant_tsc arch_perfmon pebs bts rep_good nopl xtopology nonstop_tsc cpuid aperfmperf pni pclmulqdq dtes64 monitor ds_cpl vmx est tm2 ssse3 cx16 xtpr pdcm pcid sse4_1 sse4_2 popcnt tsc_deadline_timer aes xsave avx lahf_lm epb pti retpoline tpr_shadow vnmi flexpriority ept vpid xsaveopt dtherm ida arat pln pts
bugs		: cpu_meltdown spectre_v1 spectre_v2
bogomips	: 5587.05
clflush size	: 64
cache_alignment	: 64
address sizes	: 36 bits physical, 48 bits virtual
power management:

processor	: 3
vendor_id	: GenuineIntel
cpu family	: 6
model		: 42
model name	: Intel(R) Core(TM) i5-2300 CPU @ 2.80GHz
stepping	: 7
microcode	: 0x6
cpu MHz		: 2793.528
cache size	: 6144 KB
physical id	: 0
siblings	: 4
core id		: 3
cpu cores	: 4
apicid		: 6
initial apicid	: 6
fpu		: yes
fpu_exception	: yes
cpuid level	: 13
wp		: yes
flags		: fpu vme de pse tsc msr pae mce cx8 apic sep mtrr pge mca cmov pat pse36 clflush dts acpi mmx fxsr sse sse2 ss ht tm pbe syscall nx rdtscp lm constant_tsc arch_perfmon pebs bts rep_good nopl xtopology nonstop_tsc cpuid aperfmperf pni pclmulqdq dtes64 monitor ds_cpl vmx est tm2 ssse3 cx16 xtpr pdcm pcid sse4_1 sse4_2 popcnt tsc_deadline_timer aes xsave avx lahf_lm epb pti retpoline tpr_shadow vnmi flexpriority ept vpid xsaveopt dtherm ida arat pln pts
bugs		: cpu_meltdown spectre_v1 spectre_v2
bogomips	: 5587.05
clflush size	: 64
cache_alignment	: 64
address sizes	: 36 bits physical, 48 bits virtual
power management:



Memory: 4k page, physical 4022808k(443208k free), swap 3905532k(3905532k free)

vm_info: OpenJDK 64-Bit Server VM (25.151-b12) for linux-amd64 JRE (1.8.0_151-8u151-b12-0ubuntu0.17.10.2-b12), built on Oct 23 2017 22:43:02 by "buildd" with gcc 7.2.0

time: Sun Feb 25 21:45:26 2018
elapsed time: 18 seconds (0d 0h 0m 18s)

